{"D:\\Projekt-BIAWC-main\\app\\src\\App.tsx": {"path":"D:\\Projekt-BIAWC-main\\app\\src\\App.tsx","statementMap":{"0":{"start":{"line":46,"column":0},"end":{"line":109,"column":null}},"1":{"start":{"line":112,"column":0},"end":{"line":273,"column":null}},"2":{"start":{"line":121,"column":0},"end":{"line":130,"column":null}},"3":{"start":{"line":131,"column":0},"end":{"line":272,"column":null}},"4":{"start":{"line":134,"column":0},"end":{"line":138,"column":null}},"5":{"start":{"line":141,"column":0},"end":{"line":147,"column":null}},"6":{"start":{"line":150,"column":0},"end":{"line":156,"column":null}},"7":{"start":{"line":159,"column":0},"end":{"line":165,"column":null}},"8":{"start":{"line":168,"column":0},"end":{"line":171,"column":null}},"9":{"start":{"line":174,"column":0},"end":{"line":180,"column":null}},"10":{"start":{"line":184,"column":0},"end":{"line":188,"column":null}},"11":{"start":{"line":191,"column":0},"end":{"line":198,"column":null}},"12":{"start":{"line":201,"column":0},"end":{"line":205,"column":null}},"13":{"start":{"line":208,"column":0},"end":{"line":212,"column":null}},"14":{"start":{"line":215,"column":0},"end":{"line":222,"column":null}},"15":{"start":{"line":225,"column":0},"end":{"line":231,"column":null}},"16":{"start":{"line":235,"column":0},"end":{"line":240,"column":null}},"17":{"start":{"line":243,"column":0},"end":{"line":248,"column":null}},"18":{"start":{"line":251,"column":0},"end":{"line":255,"column":null}},"19":{"start":{"line":258,"column":0},"end":{"line":263,"column":null}},"20":{"start":{"line":266,"column":0},"end":{"line":270,"column":null}},"21":{"start":{"line":275,"column":0},"end":{"line":285,"column":null}},"22":{"start":{"line":291,"column":0},"end":{"line":313,"column":null}},"23":{"start":{"line":315,"column":0},"end":{"line":484,"column":null}},"24":{"start":{"line":486,"column":0},"end":{"line":517,"column":null}},"25":{"start":{"line":519,"column":0},"end":{"line":538,"column":null}},"26":{"start":{"line":524,"column":0},"end":{"line":524,"column":null}},"27":{"start":{"line":530,"column":0},"end":{"line":530,"column":null}},"28":{"start":{"line":536,"column":0},"end":{"line":536,"column":null}},"29":{"start":{"line":540,"column":0},"end":{"line":545,"column":null}},"30":{"start":{"line":550,"column":0},"end":{"line":550,"column":null}},"31":{"start":{"line":555,"column":0},"end":{"line":579,"column":null}},"32":{"start":{"line":568,"column":0},"end":{"line":579,"column":null}},"33":{"start":{"line":582,"column":0},"end":{"line":583,"column":null}},"34":{"start":{"line":583,"column":0},"end":{"line":583,"column":null}},"35":{"start":{"line":585,"column":0},"end":{"line":589,"column":null}},"36":{"start":{"line":586,"column":0},"end":{"line":589,"column":null}},"37":{"start":{"line":591,"column":0},"end":{"line":595,"column":null}},"38":{"start":{"line":592,"column":0},"end":{"line":595,"column":null}},"39":{"start":{"line":597,"column":0},"end":{"line":597,"column":null}},"40":{"start":{"line":598,"column":0},"end":{"line":598,"column":null}},"41":{"start":{"line":599,"column":0},"end":{"line":599,"column":null}},"42":{"start":{"line":600,"column":0},"end":{"line":600,"column":null}},"43":{"start":{"line":601,"column":0},"end":{"line":601,"column":null}},"44":{"start":{"line":603,"column":0},"end":{"line":615,"column":null}},"45":{"start":{"line":604,"column":0},"end":{"line":615,"column":null}},"46":{"start":{"line":618,"column":0},"end":{"line":633,"column":null}},"47":{"start":{"line":619,"column":0},"end":{"line":633,"column":null}},"48":{"start":{"line":636,"column":0},"end":{"line":649,"column":null}},"49":{"start":{"line":637,"column":0},"end":{"line":649,"column":null}},"50":{"start":{"line":652,"column":0},"end":{"line":664,"column":null}},"51":{"start":{"line":653,"column":0},"end":{"line":664,"column":null}},"52":{"start":{"line":667,"column":0},"end":{"line":680,"column":null}},"53":{"start":{"line":668,"column":0},"end":{"line":680,"column":null}},"54":{"start":{"line":683,"column":0},"end":{"line":696,"column":null}},"55":{"start":{"line":684,"column":0},"end":{"line":696,"column":null}},"56":{"start":{"line":699,"column":0},"end":{"line":715,"column":null}},"57":{"start":{"line":700,"column":0},"end":{"line":715,"column":null}},"58":{"start":{"line":718,"column":0},"end":{"line":734,"column":null}},"59":{"start":{"line":719,"column":0},"end":{"line":734,"column":null}},"60":{"start":{"line":737,"column":0},"end":{"line":763,"column":null}},"61":{"start":{"line":765,"column":0},"end":{"line":770,"column":null}},"62":{"start":{"line":766,"column":0},"end":{"line":770,"column":null}},"63":{"start":{"line":768,"column":0},"end":{"line":768,"column":null}},"64":{"start":{"line":776,"column":0},"end":{"line":890,"column":null}},"65":{"start":{"line":787,"column":0},"end":{"line":787,"column":null}},"66":{"start":{"line":788,"column":0},"end":{"line":888,"column":null}},"67":{"start":{"line":826,"column":0},"end":{"line":884,"column":null}},"68":{"start":{"line":828,"column":0},"end":{"line":828,"column":null}},"69":{"start":{"line":840,"column":0},"end":{"line":840,"column":null}},"70":{"start":{"line":841,"column":0},"end":{"line":841,"column":null}},"71":{"start":{"line":844,"column":0},"end":{"line":844,"column":null}},"72":{"start":{"line":845,"column":0},"end":{"line":845,"column":null}},"73":{"start":{"line":909,"column":0},"end":{"line":922,"column":null}},"74":{"start":{"line":924,"column":0},"end":{"line":927,"column":null}},"75":{"start":{"line":925,"column":0},"end":{"line":925,"column":null}},"76":{"start":{"line":926,"column":0},"end":{"line":926,"column":null}},"77":{"start":{"line":929,"column":0},"end":{"line":1477,"column":null}},"78":{"start":{"line":946,"column":0},"end":{"line":946,"column":null}},"79":{"start":{"line":947,"column":0},"end":{"line":947,"column":null}},"80":{"start":{"line":948,"column":0},"end":{"line":948,"column":null}},"81":{"start":{"line":949,"column":0},"end":{"line":949,"column":null}},"82":{"start":{"line":950,"column":0},"end":{"line":950,"column":null}},"83":{"start":{"line":951,"column":0},"end":{"line":951,"column":null}},"84":{"start":{"line":952,"column":0},"end":{"line":952,"column":null}},"85":{"start":{"line":953,"column":0},"end":{"line":953,"column":null}},"86":{"start":{"line":954,"column":0},"end":{"line":954,"column":null}},"87":{"start":{"line":956,"column":0},"end":{"line":957,"column":null}},"88":{"start":{"line":959,"column":0},"end":{"line":963,"column":null}},"89":{"start":{"line":960,"column":0},"end":{"line":960,"column":null}},"90":{"start":{"line":961,"column":0},"end":{"line":961,"column":null}},"91":{"start":{"line":962,"column":0},"end":{"line":962,"column":null}},"92":{"start":{"line":966,"column":0},"end":{"line":974,"column":null}},"93":{"start":{"line":967,"column":0},"end":{"line":971,"column":null}},"94":{"start":{"line":968,"column":0},"end":{"line":970,"column":null}},"95":{"start":{"line":969,"column":0},"end":{"line":969,"column":null}},"96":{"start":{"line":972,"column":0},"end":{"line":972,"column":null}},"97":{"start":{"line":973,"column":0},"end":{"line":973,"column":null}},"98":{"start":{"line":977,"column":0},"end":{"line":1007,"column":null}},"99":{"start":{"line":978,"column":0},"end":{"line":978,"column":null}},"100":{"start":{"line":980,"column":0},"end":{"line":984,"column":null}},"101":{"start":{"line":981,"column":0},"end":{"line":981,"column":null}},"102":{"start":{"line":982,"column":0},"end":{"line":982,"column":null}},"103":{"start":{"line":983,"column":0},"end":{"line":983,"column":null}},"104":{"start":{"line":986,"column":0},"end":{"line":986,"column":null}},"105":{"start":{"line":987,"column":0},"end":{"line":1002,"column":null}},"106":{"start":{"line":988,"column":0},"end":{"line":1001,"column":null}},"107":{"start":{"line":991,"column":0},"end":{"line":991,"column":null}},"108":{"start":{"line":993,"column":0},"end":{"line":993,"column":null}},"109":{"start":{"line":994,"column":0},"end":{"line":994,"column":null}},"110":{"start":{"line":997,"column":0},"end":{"line":997,"column":null}},"111":{"start":{"line":998,"column":0},"end":{"line":998,"column":null}},"112":{"start":{"line":999,"column":0},"end":{"line":999,"column":null}},"113":{"start":{"line":1001,"column":0},"end":{"line":1001,"column":null}},"114":{"start":{"line":1004,"column":0},"end":{"line":1006,"column":null}},"115":{"start":{"line":1005,"column":0},"end":{"line":1005,"column":null}},"116":{"start":{"line":1009,"column":0},"end":{"line":1475,"column":null}},"117":{"start":{"line":1028,"column":0},"end":{"line":1028,"column":null}},"118":{"start":{"line":1092,"column":0},"end":{"line":1117,"column":null}},"119":{"start":{"line":1095,"column":0},"end":{"line":1095,"column":null}},"120":{"start":{"line":1142,"column":0},"end":{"line":1142,"column":null}},"121":{"start":{"line":1143,"column":0},"end":{"line":1143,"column":null}},"122":{"start":{"line":1144,"column":0},"end":{"line":1146,"column":null}},"123":{"start":{"line":1147,"column":0},"end":{"line":1148,"column":null}},"124":{"start":{"line":1148,"column":0},"end":{"line":1148,"column":null}},"125":{"start":{"line":1152,"column":0},"end":{"line":1152,"column":null}},"126":{"start":{"line":1169,"column":0},"end":{"line":1169,"column":null}},"127":{"start":{"line":1170,"column":0},"end":{"line":1174,"column":null}},"128":{"start":{"line":1171,"column":0},"end":{"line":1171,"column":null}},"129":{"start":{"line":1172,"column":0},"end":{"line":1172,"column":null}},"130":{"start":{"line":1173,"column":0},"end":{"line":1173,"column":null}},"131":{"start":{"line":1235,"column":0},"end":{"line":1235,"column":null}},"132":{"start":{"line":1236,"column":0},"end":{"line":1386,"column":null}},"133":{"start":{"line":1242,"column":0},"end":{"line":1242,"column":null}},"134":{"start":{"line":1243,"column":0},"end":{"line":1243,"column":null}},"135":{"start":{"line":1244,"column":0},"end":{"line":1244,"column":null}},"136":{"start":{"line":1245,"column":0},"end":{"line":1245,"column":null}},"137":{"start":{"line":1246,"column":0},"end":{"line":1248,"column":null}},"138":{"start":{"line":1249,"column":0},"end":{"line":1249,"column":null}},"139":{"start":{"line":1269,"column":0},"end":{"line":1269,"column":null}},"140":{"start":{"line":1272,"column":0},"end":{"line":1272,"column":null}},"141":{"start":{"line":1470,"column":0},"end":{"line":1470,"column":null}},"142":{"start":{"line":1471,"column":0},"end":{"line":1471,"column":null}},"143":{"start":{"line":1479,"column":0},"end":{"line":1499,"column":null}},"144":{"start":{"line":1480,"column":0},"end":{"line":1482,"column":null}},"145":{"start":{"line":1481,"column":0},"end":{"line":1481,"column":null}},"146":{"start":{"line":1483,"column":0},"end":{"line":1491,"column":null}},"147":{"start":{"line":1484,"column":0},"end":{"line":1484,"column":null}},"148":{"start":{"line":1485,"column":0},"end":{"line":1485,"column":null}},"149":{"start":{"line":1486,"column":0},"end":{"line":1486,"column":null}},"150":{"start":{"line":1487,"column":0},"end":{"line":1490,"column":null}},"151":{"start":{"line":1488,"column":0},"end":{"line":1488,"column":null}},"152":{"start":{"line":1489,"column":0},"end":{"line":1489,"column":null}},"153":{"start":{"line":1492,"column":0},"end":{"line":1497,"column":null}},"154":{"start":{"line":1493,"column":0},"end":{"line":1495,"column":null}},"155":{"start":{"line":1494,"column":0},"end":{"line":1494,"column":null}},"156":{"start":{"line":1496,"column":0},"end":{"line":1496,"column":null}},"157":{"start":{"line":1498,"column":0},"end":{"line":1498,"column":null}},"158":{"start":{"line":1501,"column":0},"end":{"line":1745,"column":null}},"159":{"start":{"line":1508,"column":0},"end":{"line":1508,"column":null}},"160":{"start":{"line":1509,"column":0},"end":{"line":1509,"column":null}},"161":{"start":{"line":1510,"column":0},"end":{"line":1510,"column":null}},"162":{"start":{"line":1511,"column":0},"end":{"line":1518,"column":null}},"163":{"start":{"line":1512,"column":0},"end":{"line":1515,"column":null}},"164":{"start":{"line":1513,"column":0},"end":{"line":1514,"column":null}},"165":{"start":{"line":1514,"column":0},"end":{"line":1514,"column":null}},"166":{"start":{"line":1516,"column":0},"end":{"line":1516,"column":null}},"167":{"start":{"line":1517,"column":0},"end":{"line":1517,"column":null}},"168":{"start":{"line":1519,"column":0},"end":{"line":1545,"column":null}},"169":{"start":{"line":1520,"column":0},"end":{"line":1545,"column":null}},"170":{"start":{"line":1540,"column":0},"end":{"line":1540,"column":null}},"171":{"start":{"line":1541,"column":0},"end":{"line":1541,"column":null}},"172":{"start":{"line":1547,"column":0},"end":{"line":1547,"column":null}},"173":{"start":{"line":1548,"column":0},"end":{"line":1568,"column":null}},"174":{"start":{"line":1564,"column":0},"end":{"line":1564,"column":null}},"175":{"start":{"line":1565,"column":0},"end":{"line":1565,"column":null}},"176":{"start":{"line":1569,"column":0},"end":{"line":1743,"column":null}},"177":{"start":{"line":1572,"column":0},"end":{"line":1572,"column":null}},"178":{"start":{"line":1587,"column":0},"end":{"line":1587,"column":null}},"179":{"start":{"line":1588,"column":0},"end":{"line":1588,"column":null}},"180":{"start":{"line":1668,"column":0},"end":{"line":1696,"column":null}},"181":{"start":{"line":1670,"column":0},"end":{"line":1670,"column":null}},"182":{"start":{"line":1688,"column":0},"end":{"line":1688,"column":null}},"183":{"start":{"line":1691,"column":0},"end":{"line":1691,"column":null}},"184":{"start":{"line":1707,"column":0},"end":{"line":1707,"column":null}},"185":{"start":{"line":1708,"column":0},"end":{"line":1708,"column":null}},"186":{"start":{"line":1727,"column":0},"end":{"line":1727,"column":null}},"187":{"start":{"line":1730,"column":0},"end":{"line":1730,"column":null}},"188":{"start":{"line":1750,"column":0},"end":{"line":2147,"column":null}},"189":{"start":{"line":1765,"column":0},"end":{"line":1765,"column":null}},"190":{"start":{"line":1766,"column":0},"end":{"line":1766,"column":null}},"191":{"start":{"line":1767,"column":0},"end":{"line":1767,"column":null}},"192":{"start":{"line":1768,"column":0},"end":{"line":1768,"column":null}},"193":{"start":{"line":1769,"column":0},"end":{"line":1769,"column":null}},"194":{"start":{"line":1770,"column":0},"end":{"line":1770,"column":null}},"195":{"start":{"line":1772,"column":0},"end":{"line":1774,"column":null}},"196":{"start":{"line":1773,"column":0},"end":{"line":1773,"column":null}},"197":{"start":{"line":1775,"column":0},"end":{"line":1775,"column":null}},"198":{"start":{"line":1777,"column":0},"end":{"line":2145,"column":null}},"199":{"start":{"line":1791,"column":0},"end":{"line":1791,"column":null}},"200":{"start":{"line":1894,"column":0},"end":{"line":2028,"column":null}},"201":{"start":{"line":1958,"column":0},"end":{"line":1958,"column":null}},"202":{"start":{"line":1972,"column":0},"end":{"line":1972,"column":null}},"203":{"start":{"line":1975,"column":0},"end":{"line":1975,"column":null}},"204":{"start":{"line":1993,"column":0},"end":{"line":1993,"column":null}},"205":{"start":{"line":2007,"column":0},"end":{"line":2007,"column":null}},"206":{"start":{"line":2010,"column":0},"end":{"line":2010,"column":null}},"207":{"start":{"line":2033,"column":0},"end":{"line":2033,"column":null}},"208":{"start":{"line":2048,"column":0},"end":{"line":2048,"column":null}},"209":{"start":{"line":2049,"column":0},"end":{"line":2049,"column":null}},"210":{"start":{"line":2052,"column":0},"end":{"line":2052,"column":null}},"211":{"start":{"line":2053,"column":0},"end":{"line":2053,"column":null}},"212":{"start":{"line":2101,"column":0},"end":{"line":2101,"column":null}},"213":{"start":{"line":2102,"column":0},"end":{"line":2102,"column":null}},"214":{"start":{"line":2118,"column":0},"end":{"line":2118,"column":null}},"215":{"start":{"line":2120,"column":0},"end":{"line":2120,"column":null}},"216":{"start":{"line":2152,"column":0},"end":{"line":2197,"column":null}},"217":{"start":{"line":2161,"column":0},"end":{"line":2197,"column":null}},"218":{"start":{"line":2172,"column":0},"end":{"line":2172,"column":null}},"219":{"start":{"line":2173,"column":0},"end":{"line":2193,"column":null}},"220":{"start":{"line":2177,"column":0},"end":{"line":2177,"column":null}},"221":{"start":{"line":2203,"column":0},"end":{"line":2448,"column":null}},"222":{"start":{"line":2214,"column":0},"end":{"line":2214,"column":null}},"223":{"start":{"line":2215,"column":0},"end":{"line":2215,"column":null}},"224":{"start":{"line":2216,"column":0},"end":{"line":2220,"column":null}},"225":{"start":{"line":2217,"column":0},"end":{"line":2217,"column":null}},"226":{"start":{"line":2218,"column":0},"end":{"line":2218,"column":null}},"227":{"start":{"line":2219,"column":0},"end":{"line":2219,"column":null}},"228":{"start":{"line":2221,"column":0},"end":{"line":2446,"column":null}},"229":{"start":{"line":2252,"column":0},"end":{"line":2252,"column":null}},"230":{"start":{"line":2254,"column":0},"end":{"line":2254,"column":null}},"231":{"start":{"line":2332,"column":0},"end":{"line":2345,"column":null}},"232":{"start":{"line":2389,"column":0},"end":{"line":2389,"column":null}},"233":{"start":{"line":2406,"column":0},"end":{"line":2406,"column":null}},"234":{"start":{"line":2407,"column":0},"end":{"line":2407,"column":null}},"235":{"start":{"line":2410,"column":0},"end":{"line":2410,"column":null}},"236":{"start":{"line":2411,"column":0},"end":{"line":2411,"column":null}},"237":{"start":{"line":2450,"column":0},"end":{"line":2472,"column":null}},"238":{"start":{"line":2459,"column":0},"end":{"line":2472,"column":null}},"239":{"start":{"line":2475,"column":0},"end":{"line":2568,"column":null}},"240":{"start":{"line":2476,"column":0},"end":{"line":2568,"column":null}},"241":{"start":{"line":2574,"column":0},"end":{"line":2795,"column":null}},"242":{"start":{"line":2583,"column":0},"end":{"line":2795,"column":null}},"243":{"start":{"line":2719,"column":0},"end":{"line":2719,"column":null}},"244":{"start":{"line":2720,"column":0},"end":{"line":2720,"column":null}},"245":{"start":{"line":2737,"column":0},"end":{"line":2737,"column":null}},"246":{"start":{"line":2738,"column":0},"end":{"line":2738,"column":null}},"247":{"start":{"line":2741,"column":0},"end":{"line":2741,"column":null}},"248":{"start":{"line":2742,"column":0},"end":{"line":2742,"column":null}},"249":{"start":{"line":2768,"column":0},"end":{"line":2791,"column":null}},"250":{"start":{"line":2801,"column":0},"end":{"line":2872,"column":null}},"251":{"start":{"line":2802,"column":0},"end":{"line":2872,"column":null}},"252":{"start":{"line":2819,"column":0},"end":{"line":2868,"column":null}},"253":{"start":{"line":2878,"column":0},"end":{"line":2981,"column":null}},"254":{"start":{"line":2879,"column":0},"end":{"line":2981,"column":null}},"255":{"start":{"line":2915,"column":0},"end":{"line":2977,"column":null}},"256":{"start":{"line":2987,"column":0},"end":{"line":3132,"column":null}},"257":{"start":{"line":2988,"column":0},"end":{"line":3132,"column":null}},"258":{"start":{"line":2999,"column":0},"end":{"line":3129,"column":null}},"259":{"start":{"line":3012,"column":0},"end":{"line":3012,"column":null}},"260":{"start":{"line":3013,"column":0},"end":{"line":3013,"column":null}},"261":{"start":{"line":3016,"column":0},"end":{"line":3016,"column":null}},"262":{"start":{"line":3017,"column":0},"end":{"line":3017,"column":null}},"263":{"start":{"line":3121,"column":0},"end":{"line":3121,"column":null}},"264":{"start":{"line":3124,"column":0},"end":{"line":3124,"column":null}},"265":{"start":{"line":3138,"column":0},"end":{"line":3421,"column":null}},"266":{"start":{"line":3139,"column":0},"end":{"line":3421,"column":null}},"267":{"start":{"line":3248,"column":0},"end":{"line":3292,"column":null}},"268":{"start":{"line":3337,"column":0},"end":{"line":3417,"column":null}},"269":{"start":{"line":3348,"column":0},"end":{"line":3357,"column":null}},"270":{"start":{"line":3427,"column":0},"end":{"line":3577,"column":null}},"271":{"start":{"line":3428,"column":0},"end":{"line":3428,"column":null}},"272":{"start":{"line":3429,"column":0},"end":{"line":3429,"column":null}},"273":{"start":{"line":3431,"column":0},"end":{"line":3438,"column":null}},"274":{"start":{"line":3432,"column":0},"end":{"line":3432,"column":null}},"275":{"start":{"line":3433,"column":0},"end":{"line":3437,"column":null}},"276":{"start":{"line":3434,"column":0},"end":{"line":3434,"column":null}},"277":{"start":{"line":3435,"column":0},"end":{"line":3435,"column":null}},"278":{"start":{"line":3436,"column":0},"end":{"line":3436,"column":null}},"279":{"start":{"line":3440,"column":0},"end":{"line":3575,"column":null}},"280":{"start":{"line":3520,"column":0},"end":{"line":3520,"column":null}},"281":{"start":{"line":3553,"column":0},"end":{"line":3553,"column":null}},"282":{"start":{"line":3555,"column":0},"end":{"line":3555,"column":null}},"283":{"start":{"line":3582,"column":0},"end":{"line":3937,"column":null}},"284":{"start":{"line":3583,"column":0},"end":{"line":3937,"column":null}},"285":{"start":{"line":3657,"column":0},"end":{"line":3683,"column":null}},"286":{"start":{"line":3674,"column":0},"end":{"line":3674,"column":null}},"287":{"start":{"line":3675,"column":0},"end":{"line":3675,"column":null}},"288":{"start":{"line":3678,"column":0},"end":{"line":3678,"column":null}},"289":{"start":{"line":3679,"column":0},"end":{"line":3679,"column":null}},"290":{"start":{"line":3713,"column":0},"end":{"line":3726,"column":null}},"291":{"start":{"line":3885,"column":0},"end":{"line":3898,"column":null}},"292":{"start":{"line":3943,"column":0},"end":{"line":4128,"column":null}},"293":{"start":{"line":3952,"column":0},"end":{"line":3952,"column":null}},"294":{"start":{"line":3953,"column":0},"end":{"line":3956,"column":null}},"295":{"start":{"line":3954,"column":0},"end":{"line":3954,"column":null}},"296":{"start":{"line":3955,"column":0},"end":{"line":3955,"column":null}},"297":{"start":{"line":3957,"column":0},"end":{"line":3957,"column":null}},"298":{"start":{"line":3958,"column":0},"end":{"line":4126,"column":null}},"299":{"start":{"line":3999,"column":0},"end":{"line":4015,"column":null}},"300":{"start":{"line":4001,"column":0},"end":{"line":4001,"column":null}},"301":{"start":{"line":4032,"column":0},"end":{"line":4032,"column":null}},"302":{"start":{"line":4056,"column":0},"end":{"line":4056,"column":null}},"303":{"start":{"line":4105,"column":0},"end":{"line":4122,"column":null}},"304":{"start":{"line":4107,"column":0},"end":{"line":4107,"column":null}},"305":{"start":{"line":4140,"column":0},"end":{"line":4140,"column":null}},"306":{"start":{"line":4142,"column":0},"end":{"line":4142,"column":null}},"307":{"start":{"line":4143,"column":0},"end":{"line":4143,"column":null}},"308":{"start":{"line":4144,"column":0},"end":{"line":4144,"column":null}},"309":{"start":{"line":4145,"column":0},"end":{"line":4145,"column":null}},"310":{"start":{"line":4146,"column":0},"end":{"line":4146,"column":null}},"311":{"start":{"line":4147,"column":0},"end":{"line":4147,"column":null}},"312":{"start":{"line":4148,"column":0},"end":{"line":4148,"column":null}},"313":{"start":{"line":4149,"column":0},"end":{"line":4149,"column":null}},"314":{"start":{"line":4150,"column":0},"end":{"line":4150,"column":null}},"315":{"start":{"line":4152,"column":0},"end":{"line":4153,"column":null}},"316":{"start":{"line":4156,"column":0},"end":{"line":4169,"column":null}},"317":{"start":{"line":4171,"column":0},"end":{"line":4207,"column":null}},"318":{"start":{"line":4172,"column":0},"end":{"line":4181,"column":null}},"319":{"start":{"line":4182,"column":0},"end":{"line":4186,"column":null}},"320":{"start":{"line":4187,"column":0},"end":{"line":4206,"column":null}},"321":{"start":{"line":4188,"column":0},"end":{"line":4188,"column":null}},"322":{"start":{"line":4189,"column":0},"end":{"line":4189,"column":null}},"323":{"start":{"line":4190,"column":0},"end":{"line":4205,"column":null}},"324":{"start":{"line":4209,"column":0},"end":{"line":4234,"column":null}},"325":{"start":{"line":4211,"column":0},"end":{"line":4211,"column":null}},"326":{"start":{"line":4212,"column":0},"end":{"line":4212,"column":null}},"327":{"start":{"line":4213,"column":0},"end":{"line":4213,"column":null}},"328":{"start":{"line":4214,"column":0},"end":{"line":4214,"column":null}},"329":{"start":{"line":4215,"column":0},"end":{"line":4215,"column":null}},"330":{"start":{"line":4216,"column":0},"end":{"line":4216,"column":null}},"331":{"start":{"line":4217,"column":0},"end":{"line":4217,"column":null}},"332":{"start":{"line":4219,"column":0},"end":{"line":4231,"column":null}},"333":{"start":{"line":4220,"column":0},"end":{"line":4220,"column":null}},"334":{"start":{"line":4222,"column":0},"end":{"line":4222,"column":null}},"335":{"start":{"line":4224,"column":0},"end":{"line":4225,"column":null}},"336":{"start":{"line":4225,"column":0},"end":{"line":4225,"column":null}},"337":{"start":{"line":4226,"column":0},"end":{"line":4226,"column":null}},"338":{"start":{"line":4229,"column":0},"end":{"line":4229,"column":null}},"339":{"start":{"line":4231,"column":0},"end":{"line":4231,"column":null}},"340":{"start":{"line":4237,"column":0},"end":{"line":4239,"column":null}},"341":{"start":{"line":4238,"column":0},"end":{"line":4238,"column":null}},"342":{"start":{"line":4241,"column":0},"end":{"line":4260,"column":null}},"343":{"start":{"line":4242,"column":0},"end":{"line":4242,"column":null}},"344":{"start":{"line":4243,"column":0},"end":{"line":4243,"column":null}},"345":{"start":{"line":4244,"column":0},"end":{"line":4259,"column":null}},"346":{"start":{"line":4246,"column":0},"end":{"line":4253,"column":null}},"347":{"start":{"line":4254,"column":0},"end":{"line":4254,"column":null}},"348":{"start":{"line":4255,"column":0},"end":{"line":4258,"column":null}},"349":{"start":{"line":4256,"column":0},"end":{"line":4256,"column":null}},"350":{"start":{"line":4262,"column":0},"end":{"line":4264,"column":null}},"351":{"start":{"line":4263,"column":0},"end":{"line":4263,"column":null}},"352":{"start":{"line":4266,"column":0},"end":{"line":4276,"column":null}},"353":{"start":{"line":4267,"column":0},"end":{"line":4272,"column":null}},"354":{"start":{"line":4268,"column":0},"end":{"line":4268,"column":null}},"355":{"start":{"line":4269,"column":0},"end":{"line":4271,"column":null}},"356":{"start":{"line":4270,"column":0},"end":{"line":4270,"column":null}},"357":{"start":{"line":4273,"column":0},"end":{"line":4273,"column":null}},"358":{"start":{"line":4274,"column":0},"end":{"line":4274,"column":null}},"359":{"start":{"line":4275,"column":0},"end":{"line":4275,"column":null}},"360":{"start":{"line":4278,"column":0},"end":{"line":4285,"column":null}},"361":{"start":{"line":4279,"column":0},"end":{"line":4284,"column":null}},"362":{"start":{"line":4280,"column":0},"end":{"line":4280,"column":null}},"363":{"start":{"line":4281,"column":0},"end":{"line":4282,"column":null}},"364":{"start":{"line":4282,"column":0},"end":{"line":4282,"column":null}},"365":{"start":{"line":4283,"column":0},"end":{"line":4283,"column":null}},"366":{"start":{"line":4287,"column":0},"end":{"line":4287,"column":null}},"367":{"start":{"line":4288,"column":0},"end":{"line":4288,"column":null}},"368":{"start":{"line":4292,"column":0},"end":{"line":4292,"column":null}},"369":{"start":{"line":4294,"column":0},"end":{"line":4294,"column":null}},"370":{"start":{"line":4296,"column":0},"end":{"line":4588,"column":null}},"371":{"start":{"line":4306,"column":0},"end":{"line":4306,"column":null}},"372":{"start":{"line":4311,"column":0},"end":{"line":4311,"column":null}},"373":{"start":{"line":4312,"column":0},"end":{"line":4312,"column":null}},"374":{"start":{"line":4319,"column":0},"end":{"line":4319,"column":null}},"375":{"start":{"line":4412,"column":0},"end":{"line":4412,"column":null}},"376":{"start":{"line":4413,"column":0},"end":{"line":4413,"column":null}},"377":{"start":{"line":4442,"column":0},"end":{"line":4456,"column":null}},"378":{"start":{"line":4472,"column":0},"end":{"line":4472,"column":null}},"379":{"start":{"line":4487,"column":0},"end":{"line":4489,"column":null}},"380":{"start":{"line":4488,"column":0},"end":{"line":4488,"column":null}},"381":{"start":{"line":4492,"column":0},"end":{"line":4492,"column":null}},"382":{"start":{"line":4500,"column":0},"end":{"line":4524,"column":null}},"383":{"start":{"line":4502,"column":0},"end":{"line":4502,"column":null}},"384":{"start":{"line":4530,"column":0},"end":{"line":4532,"column":null}},"385":{"start":{"line":4531,"column":0},"end":{"line":4531,"column":null}},"386":{"start":{"line":4554,"column":0},"end":{"line":4556,"column":null}},"387":{"start":{"line":4555,"column":0},"end":{"line":4555,"column":null}},"388":{"start":{"line":4559,"column":0},"end":{"line":4559,"column":null}},"389":{"start":{"line":4582,"column":0},"end":{"line":4582,"column":null}},"390":{"start":{"line":4593,"column":0},"end":{"line":4593,"column":null}},"391":{"start":{"line":4595,"column":0},"end":{"line":4611,"column":null}}},"fnMap":{"0":{"name":"(anonymous_0)","decl":{"start":{"line":112,"column":0},"end":{"line":112,"column":null}},"loc":{"start":{"line":120,"column":0},"end":{"line":273,"column":null}},"line":120},"1":{"name":"(anonymous_1)","decl":{"start":{"line":524,"column":0},"end":{"line":524,"column":37}},"loc":{"start":{"line":524,"column":0},"end":{"line":524,"column":null}},"line":524},"2":{"name":"(anonymous_2)","decl":{"start":{"line":530,"column":0},"end":{"line":530,"column":35}},"loc":{"start":{"line":530,"column":0},"end":{"line":530,"column":null}},"line":530},"3":{"name":"(anonymous_3)","decl":{"start":{"line":536,"column":0},"end":{"line":536,"column":39}},"loc":{"start":{"line":536,"column":0},"end":{"line":536,"column":null}},"line":536},"4":{"name":"(anonymous_4)","decl":{"start":{"line":550,"column":0},"end":{"line":550,"column":null}},"loc":{"start":{"line":550,"column":0},"end":{"line":550,"column":null}},"line":550},"5":{"name":"(anonymous_5)","decl":{"start":{"line":555,"column":0},"end":{"line":555,"column":null}},"loc":{"start":{"line":568,"column":0},"end":{"line":579,"column":null}},"line":568},"6":{"name":"(anonymous_6)","decl":{"start":{"line":582,"column":0},"end":{"line":582,"column":null}},"loc":{"start":{"line":583,"column":0},"end":{"line":583,"column":null}},"line":583},"7":{"name":"(anonymous_7)","decl":{"start":{"line":585,"column":0},"end":{"line":585,"column":null}},"loc":{"start":{"line":586,"column":0},"end":{"line":589,"column":null}},"line":586},"8":{"name":"(anonymous_8)","decl":{"start":{"line":591,"column":0},"end":{"line":591,"column":null}},"loc":{"start":{"line":592,"column":0},"end":{"line":595,"column":null}},"line":592},"9":{"name":"(anonymous_9)","decl":{"start":{"line":597,"column":0},"end":{"line":597,"column":26}},"loc":{"start":{"line":597,"column":0},"end":{"line":597,"column":null}},"line":597},"10":{"name":"(anonymous_10)","decl":{"start":{"line":598,"column":0},"end":{"line":598,"column":30}},"loc":{"start":{"line":598,"column":0},"end":{"line":598,"column":null}},"line":598},"11":{"name":"(anonymous_11)","decl":{"start":{"line":599,"column":0},"end":{"line":599,"column":30}},"loc":{"start":{"line":599,"column":0},"end":{"line":599,"column":null}},"line":599},"12":{"name":"(anonymous_12)","decl":{"start":{"line":600,"column":0},"end":{"line":600,"column":29}},"loc":{"start":{"line":600,"column":0},"end":{"line":600,"column":null}},"line":600},"13":{"name":"(anonymous_13)","decl":{"start":{"line":601,"column":0},"end":{"line":601,"column":33}},"loc":{"start":{"line":601,"column":0},"end":{"line":601,"column":null}},"line":601},"14":{"name":"(anonymous_14)","decl":{"start":{"line":603,"column":0},"end":{"line":603,"column":null}},"loc":{"start":{"line":604,"column":0},"end":{"line":615,"column":null}},"line":604},"15":{"name":"(anonymous_15)","decl":{"start":{"line":618,"column":0},"end":{"line":618,"column":null}},"loc":{"start":{"line":619,"column":0},"end":{"line":633,"column":null}},"line":619},"16":{"name":"(anonymous_16)","decl":{"start":{"line":636,"column":0},"end":{"line":636,"column":null}},"loc":{"start":{"line":637,"column":0},"end":{"line":649,"column":null}},"line":637},"17":{"name":"(anonymous_17)","decl":{"start":{"line":652,"column":0},"end":{"line":652,"column":null}},"loc":{"start":{"line":653,"column":0},"end":{"line":664,"column":null}},"line":653},"18":{"name":"(anonymous_18)","decl":{"start":{"line":667,"column":0},"end":{"line":667,"column":null}},"loc":{"start":{"line":668,"column":0},"end":{"line":680,"column":null}},"line":668},"19":{"name":"(anonymous_19)","decl":{"start":{"line":683,"column":0},"end":{"line":683,"column":null}},"loc":{"start":{"line":684,"column":0},"end":{"line":696,"column":null}},"line":684},"20":{"name":"(anonymous_20)","decl":{"start":{"line":699,"column":0},"end":{"line":699,"column":null}},"loc":{"start":{"line":700,"column":0},"end":{"line":715,"column":null}},"line":700},"21":{"name":"(anonymous_21)","decl":{"start":{"line":718,"column":0},"end":{"line":718,"column":null}},"loc":{"start":{"line":719,"column":0},"end":{"line":734,"column":null}},"line":719},"22":{"name":"(anonymous_22)","decl":{"start":{"line":765,"column":0},"end":{"line":765,"column":null}},"loc":{"start":{"line":766,"column":0},"end":{"line":770,"column":null}},"line":766},"23":{"name":"(anonymous_23)","decl":{"start":{"line":767,"column":0},"end":{"line":767,"column":null}},"loc":{"start":{"line":768,"column":0},"end":{"line":768,"column":null}},"line":768},"24":{"name":"(anonymous_24)","decl":{"start":{"line":776,"column":0},"end":{"line":776,"column":null}},"loc":{"start":{"line":786,"column":0},"end":{"line":890,"column":null}},"line":786},"25":{"name":"(anonymous_25)","decl":{"start":{"line":825,"column":0},"end":{"line":825,"column":null}},"loc":{"start":{"line":826,"column":0},"end":{"line":884,"column":null}},"line":826},"26":{"name":"(anonymous_26)","decl":{"start":{"line":828,"column":0},"end":{"line":828,"column":null}},"loc":{"start":{"line":828,"column":0},"end":{"line":828,"column":null}},"line":828},"27":{"name":"(anonymous_27)","decl":{"start":{"line":839,"column":0},"end":{"line":839,"column":null}},"loc":{"start":{"line":839,"column":0},"end":{"line":842,"column":null}},"line":839},"28":{"name":"(anonymous_28)","decl":{"start":{"line":843,"column":0},"end":{"line":843,"column":null}},"loc":{"start":{"line":843,"column":0},"end":{"line":846,"column":null}},"line":843},"29":{"name":"(anonymous_29)","decl":{"start":{"line":924,"column":0},"end":{"line":924,"column":null}},"loc":{"start":{"line":924,"column":0},"end":{"line":927,"column":null}},"line":924},"30":{"name":"(anonymous_30)","decl":{"start":{"line":929,"column":0},"end":{"line":929,"column":null}},"loc":{"start":{"line":945,"column":0},"end":{"line":1477,"column":null}},"line":945},"31":{"name":"(anonymous_31)","decl":{"start":{"line":959,"column":0},"end":{"line":959,"column":null}},"loc":{"start":{"line":959,"column":0},"end":{"line":963,"column":null}},"line":959},"32":{"name":"(anonymous_32)","decl":{"start":{"line":960,"column":0},"end":{"line":960,"column":null}},"loc":{"start":{"line":960,"column":0},"end":{"line":960,"column":null}},"line":960},"33":{"name":"(anonymous_33)","decl":{"start":{"line":962,"column":0},"end":{"line":962,"column":null}},"loc":{"start":{"line":962,"column":0},"end":{"line":962,"column":null}},"line":962},"34":{"name":"(anonymous_34)","decl":{"start":{"line":966,"column":0},"end":{"line":966,"column":null}},"loc":{"start":{"line":966,"column":0},"end":{"line":974,"column":null}},"line":966},"35":{"name":"(anonymous_35)","decl":{"start":{"line":967,"column":0},"end":{"line":967,"column":null}},"loc":{"start":{"line":967,"column":0},"end":{"line":971,"column":null}},"line":967},"36":{"name":"(anonymous_36)","decl":{"start":{"line":973,"column":0},"end":{"line":973,"column":null}},"loc":{"start":{"line":973,"column":0},"end":{"line":973,"column":null}},"line":973},"37":{"name":"(anonymous_37)","decl":{"start":{"line":977,"column":0},"end":{"line":977,"column":null}},"loc":{"start":{"line":977,"column":0},"end":{"line":1007,"column":null}},"line":977},"38":{"name":"(anonymous_38)","decl":{"start":{"line":987,"column":0},"end":{"line":987,"column":null}},"loc":{"start":{"line":987,"column":0},"end":{"line":1002,"column":null}},"line":987},"39":{"name":"(anonymous_39)","decl":{"start":{"line":991,"column":0},"end":{"line":991,"column":null}},"loc":{"start":{"line":991,"column":0},"end":{"line":991,"column":null}},"line":991},"40":{"name":"(anonymous_40)","decl":{"start":{"line":992,"column":0},"end":{"line":992,"column":null}},"loc":{"start":{"line":992,"column":0},"end":{"line":995,"column":null}},"line":992},"41":{"name":"(anonymous_41)","decl":{"start":{"line":996,"column":0},"end":{"line":996,"column":null}},"loc":{"start":{"line":996,"column":0},"end":{"line":1000,"column":null}},"line":996},"42":{"name":"(anonymous_42)","decl":{"start":{"line":1001,"column":0},"end":{"line":1001,"column":null}},"loc":{"start":{"line":1001,"column":0},"end":{"line":1001,"column":null}},"line":1001},"43":{"name":"(anonymous_43)","decl":{"start":{"line":1004,"column":0},"end":{"line":1004,"column":null}},"loc":{"start":{"line":1004,"column":0},"end":{"line":1006,"column":null}},"line":1004},"44":{"name":"(anonymous_44)","decl":{"start":{"line":1028,"column":0},"end":{"line":1028,"column":null}},"loc":{"start":{"line":1028,"column":0},"end":{"line":1028,"column":null}},"line":1028},"45":{"name":"(anonymous_45)","decl":{"start":{"line":1091,"column":0},"end":{"line":1091,"column":null}},"loc":{"start":{"line":1092,"column":0},"end":{"line":1117,"column":null}},"line":1092},"46":{"name":"(anonymous_46)","decl":{"start":{"line":1095,"column":0},"end":{"line":1095,"column":null}},"loc":{"start":{"line":1095,"column":0},"end":{"line":1095,"column":null}},"line":1095},"47":{"name":"(anonymous_47)","decl":{"start":{"line":1141,"column":0},"end":{"line":1141,"column":null}},"loc":{"start":{"line":1141,"column":0},"end":{"line":1149,"column":null}},"line":1141},"48":{"name":"(anonymous_48)","decl":{"start":{"line":1151,"column":0},"end":{"line":1151,"column":null}},"loc":{"start":{"line":1151,"column":0},"end":{"line":1153,"column":null}},"line":1151},"49":{"name":"(anonymous_49)","decl":{"start":{"line":1168,"column":0},"end":{"line":1168,"column":null}},"loc":{"start":{"line":1168,"column":0},"end":{"line":1175,"column":null}},"line":1168},"50":{"name":"(anonymous_50)","decl":{"start":{"line":1234,"column":0},"end":{"line":1234,"column":null}},"loc":{"start":{"line":1234,"column":0},"end":{"line":1388,"column":null}},"line":1234},"51":{"name":"(anonymous_51)","decl":{"start":{"line":1241,"column":0},"end":{"line":1241,"column":null}},"loc":{"start":{"line":1241,"column":0},"end":{"line":1250,"column":null}},"line":1241},"52":{"name":"(anonymous_52)","decl":{"start":{"line":1268,"column":0},"end":{"line":1268,"column":null}},"loc":{"start":{"line":1269,"column":0},"end":{"line":1269,"column":null}},"line":1269},"53":{"name":"(anonymous_53)","decl":{"start":{"line":1271,"column":0},"end":{"line":1271,"column":null}},"loc":{"start":{"line":1272,"column":0},"end":{"line":1272,"column":null}},"line":1272},"54":{"name":"(anonymous_54)","decl":{"start":{"line":1469,"column":0},"end":{"line":1469,"column":null}},"loc":{"start":{"line":1469,"column":0},"end":{"line":1472,"column":null}},"line":1469},"55":{"name":"(anonymous_55)","decl":{"start":{"line":1479,"column":0},"end":{"line":1479,"column":null}},"loc":{"start":{"line":1479,"column":0},"end":{"line":1499,"column":null}},"line":1479},"56":{"name":"(anonymous_56)","decl":{"start":{"line":1480,"column":0},"end":{"line":1480,"column":null}},"loc":{"start":{"line":1481,"column":0},"end":{"line":1481,"column":null}},"line":1481},"57":{"name":"(anonymous_57)","decl":{"start":{"line":1483,"column":0},"end":{"line":1483,"column":null}},"loc":{"start":{"line":1483,"column":0},"end":{"line":1491,"column":null}},"line":1483},"58":{"name":"(anonymous_58)","decl":{"start":{"line":1484,"column":0},"end":{"line":1484,"column":null}},"loc":{"start":{"line":1484,"column":0},"end":{"line":1484,"column":null}},"line":1484},"59":{"name":"(anonymous_59)","decl":{"start":{"line":1487,"column":0},"end":{"line":1487,"column":null}},"loc":{"start":{"line":1487,"column":0},"end":{"line":1490,"column":null}},"line":1487},"60":{"name":"(anonymous_60)","decl":{"start":{"line":1492,"column":0},"end":{"line":1492,"column":null}},"loc":{"start":{"line":1492,"column":0},"end":{"line":1497,"column":null}},"line":1492},"61":{"name":"(anonymous_61)","decl":{"start":{"line":1493,"column":0},"end":{"line":1493,"column":null}},"loc":{"start":{"line":1494,"column":0},"end":{"line":1494,"column":null}},"line":1494},"62":{"name":"(anonymous_62)","decl":{"start":{"line":1501,"column":0},"end":{"line":1501,"column":null}},"loc":{"start":{"line":1507,"column":0},"end":{"line":1745,"column":null}},"line":1507},"63":{"name":"(anonymous_63)","decl":{"start":{"line":1511,"column":0},"end":{"line":1511,"column":null}},"loc":{"start":{"line":1511,"column":0},"end":{"line":1518,"column":null}},"line":1511},"64":{"name":"(anonymous_64)","decl":{"start":{"line":1512,"column":0},"end":{"line":1512,"column":null}},"loc":{"start":{"line":1512,"column":0},"end":{"line":1515,"column":null}},"line":1512},"65":{"name":"(anonymous_65)","decl":{"start":{"line":1517,"column":0},"end":{"line":1517,"column":null}},"loc":{"start":{"line":1517,"column":0},"end":{"line":1517,"column":null}},"line":1517},"66":{"name":"(anonymous_66)","decl":{"start":{"line":1540,"column":0},"end":{"line":1540,"column":null}},"loc":{"start":{"line":1540,"column":0},"end":{"line":1540,"column":null}},"line":1540},"67":{"name":"(anonymous_67)","decl":{"start":{"line":1541,"column":0},"end":{"line":1541,"column":null}},"loc":{"start":{"line":1541,"column":0},"end":{"line":1541,"column":null}},"line":1541},"68":{"name":"(anonymous_68)","decl":{"start":{"line":1563,"column":0},"end":{"line":1563,"column":null}},"loc":{"start":{"line":1563,"column":0},"end":{"line":1566,"column":null}},"line":1563},"69":{"name":"(anonymous_69)","decl":{"start":{"line":1572,"column":0},"end":{"line":1572,"column":null}},"loc":{"start":{"line":1572,"column":0},"end":{"line":1572,"column":null}},"line":1572},"70":{"name":"(anonymous_70)","decl":{"start":{"line":1587,"column":0},"end":{"line":1587,"column":null}},"loc":{"start":{"line":1587,"column":0},"end":{"line":1587,"column":null}},"line":1587},"71":{"name":"(anonymous_71)","decl":{"start":{"line":1588,"column":0},"end":{"line":1588,"column":null}},"loc":{"start":{"line":1588,"column":0},"end":{"line":1588,"column":null}},"line":1588},"72":{"name":"(anonymous_72)","decl":{"start":{"line":1667,"column":0},"end":{"line":1667,"column":null}},"loc":{"start":{"line":1668,"column":0},"end":{"line":1696,"column":null}},"line":1668},"73":{"name":"(anonymous_73)","decl":{"start":{"line":1670,"column":0},"end":{"line":1670,"column":null}},"loc":{"start":{"line":1670,"column":0},"end":{"line":1670,"column":null}},"line":1670},"74":{"name":"(anonymous_74)","decl":{"start":{"line":1687,"column":0},"end":{"line":1687,"column":null}},"loc":{"start":{"line":1688,"column":0},"end":{"line":1688,"column":null}},"line":1688},"75":{"name":"(anonymous_75)","decl":{"start":{"line":1690,"column":0},"end":{"line":1690,"column":null}},"loc":{"start":{"line":1691,"column":0},"end":{"line":1691,"column":null}},"line":1691},"76":{"name":"(anonymous_76)","decl":{"start":{"line":1706,"column":0},"end":{"line":1706,"column":null}},"loc":{"start":{"line":1706,"column":0},"end":{"line":1709,"column":null}},"line":1706},"77":{"name":"(anonymous_77)","decl":{"start":{"line":1726,"column":0},"end":{"line":1726,"column":null}},"loc":{"start":{"line":1727,"column":0},"end":{"line":1727,"column":null}},"line":1727},"78":{"name":"(anonymous_78)","decl":{"start":{"line":1729,"column":0},"end":{"line":1729,"column":null}},"loc":{"start":{"line":1730,"column":0},"end":{"line":1730,"column":null}},"line":1730},"79":{"name":"(anonymous_79)","decl":{"start":{"line":1750,"column":0},"end":{"line":1750,"column":null}},"loc":{"start":{"line":1764,"column":0},"end":{"line":2147,"column":null}},"line":1764},"80":{"name":"(anonymous_80)","decl":{"start":{"line":1770,"column":0},"end":{"line":1770,"column":null}},"loc":{"start":{"line":1770,"column":0},"end":{"line":1770,"column":null}},"line":1770},"81":{"name":"(anonymous_81)","decl":{"start":{"line":1772,"column":0},"end":{"line":1772,"column":null}},"loc":{"start":{"line":1772,"column":0},"end":{"line":1774,"column":null}},"line":1772},"82":{"name":"(anonymous_82)","decl":{"start":{"line":1791,"column":0},"end":{"line":1791,"column":null}},"loc":{"start":{"line":1791,"column":0},"end":{"line":1791,"column":null}},"line":1791},"83":{"name":"(anonymous_83)","decl":{"start":{"line":1893,"column":0},"end":{"line":1893,"column":null}},"loc":{"start":{"line":1894,"column":0},"end":{"line":2028,"column":null}},"line":1894},"84":{"name":"(anonymous_84)","decl":{"start":{"line":1958,"column":0},"end":{"line":1958,"column":null}},"loc":{"start":{"line":1958,"column":0},"end":{"line":1958,"column":null}},"line":1958},"85":{"name":"(anonymous_85)","decl":{"start":{"line":1971,"column":0},"end":{"line":1971,"column":null}},"loc":{"start":{"line":1972,"column":0},"end":{"line":1972,"column":null}},"line":1972},"86":{"name":"(anonymous_86)","decl":{"start":{"line":1974,"column":0},"end":{"line":1974,"column":null}},"loc":{"start":{"line":1975,"column":0},"end":{"line":1975,"column":null}},"line":1975},"87":{"name":"(anonymous_87)","decl":{"start":{"line":1993,"column":0},"end":{"line":1993,"column":null}},"loc":{"start":{"line":1993,"column":0},"end":{"line":1993,"column":null}},"line":1993},"88":{"name":"(anonymous_88)","decl":{"start":{"line":2006,"column":0},"end":{"line":2006,"column":null}},"loc":{"start":{"line":2007,"column":0},"end":{"line":2007,"column":null}},"line":2007},"89":{"name":"(anonymous_89)","decl":{"start":{"line":2009,"column":0},"end":{"line":2009,"column":null}},"loc":{"start":{"line":2010,"column":0},"end":{"line":2010,"column":null}},"line":2010},"90":{"name":"(anonymous_90)","decl":{"start":{"line":2033,"column":0},"end":{"line":2033,"column":null}},"loc":{"start":{"line":2033,"column":0},"end":{"line":2033,"column":null}},"line":2033},"91":{"name":"(anonymous_91)","decl":{"start":{"line":2047,"column":0},"end":{"line":2047,"column":null}},"loc":{"start":{"line":2047,"column":0},"end":{"line":2050,"column":null}},"line":2047},"92":{"name":"(anonymous_92)","decl":{"start":{"line":2051,"column":0},"end":{"line":2051,"column":null}},"loc":{"start":{"line":2051,"column":0},"end":{"line":2054,"column":null}},"line":2051},"93":{"name":"(anonymous_93)","decl":{"start":{"line":2100,"column":0},"end":{"line":2100,"column":null}},"loc":{"start":{"line":2100,"column":0},"end":{"line":2103,"column":null}},"line":2100},"94":{"name":"(anonymous_94)","decl":{"start":{"line":2118,"column":0},"end":{"line":2118,"column":null}},"loc":{"start":{"line":2118,"column":0},"end":{"line":2118,"column":null}},"line":2118},"95":{"name":"(anonymous_95)","decl":{"start":{"line":2119,"column":0},"end":{"line":2119,"column":null}},"loc":{"start":{"line":2120,"column":0},"end":{"line":2120,"column":null}},"line":2120},"96":{"name":"(anonymous_96)","decl":{"start":{"line":2152,"column":0},"end":{"line":2152,"column":null}},"loc":{"start":{"line":2161,"column":0},"end":{"line":2197,"column":null}},"line":2161},"97":{"name":"(anonymous_97)","decl":{"start":{"line":2171,"column":0},"end":{"line":2171,"column":null}},"loc":{"start":{"line":2171,"column":0},"end":{"line":2195,"column":null}},"line":2171},"98":{"name":"(anonymous_98)","decl":{"start":{"line":2177,"column":0},"end":{"line":2177,"column":null}},"loc":{"start":{"line":2177,"column":0},"end":{"line":2177,"column":null}},"line":2177},"99":{"name":"(anonymous_99)","decl":{"start":{"line":2203,"column":0},"end":{"line":2203,"column":null}},"loc":{"start":{"line":2213,"column":0},"end":{"line":2448,"column":null}},"line":2213},"100":{"name":"(anonymous_100)","decl":{"start":{"line":2216,"column":0},"end":{"line":2216,"column":null}},"loc":{"start":{"line":2216,"column":0},"end":{"line":2220,"column":null}},"line":2216},"101":{"name":"(anonymous_101)","decl":{"start":{"line":2219,"column":0},"end":{"line":2219,"column":null}},"loc":{"start":{"line":2219,"column":0},"end":{"line":2219,"column":null}},"line":2219},"102":{"name":"(anonymous_102)","decl":{"start":{"line":2251,"column":0},"end":{"line":2251,"column":null}},"loc":{"start":{"line":2252,"column":0},"end":{"line":2252,"column":null}},"line":2252},"103":{"name":"(anonymous_103)","decl":{"start":{"line":2254,"column":0},"end":{"line":2254,"column":null}},"loc":{"start":{"line":2254,"column":0},"end":{"line":2254,"column":null}},"line":2254},"104":{"name":"(anonymous_104)","decl":{"start":{"line":2331,"column":0},"end":{"line":2331,"column":null}},"loc":{"start":{"line":2332,"column":0},"end":{"line":2345,"column":null}},"line":2332},"105":{"name":"(anonymous_105)","decl":{"start":{"line":2389,"column":0},"end":{"line":2389,"column":null}},"loc":{"start":{"line":2389,"column":0},"end":{"line":2389,"column":null}},"line":2389},"106":{"name":"(anonymous_106)","decl":{"start":{"line":2405,"column":0},"end":{"line":2405,"column":null}},"loc":{"start":{"line":2405,"column":0},"end":{"line":2408,"column":null}},"line":2405},"107":{"name":"(anonymous_107)","decl":{"start":{"line":2409,"column":0},"end":{"line":2409,"column":null}},"loc":{"start":{"line":2409,"column":0},"end":{"line":2412,"column":null}},"line":2409},"108":{"name":"(anonymous_108)","decl":{"start":{"line":2450,"column":0},"end":{"line":2450,"column":null}},"loc":{"start":{"line":2459,"column":0},"end":{"line":2472,"column":null}},"line":2459},"109":{"name":"(anonymous_109)","decl":{"start":{"line":2475,"column":0},"end":{"line":2475,"column":null}},"loc":{"start":{"line":2476,"column":0},"end":{"line":2568,"column":null}},"line":2476},"110":{"name":"(anonymous_110)","decl":{"start":{"line":2574,"column":0},"end":{"line":2574,"column":null}},"loc":{"start":{"line":2583,"column":0},"end":{"line":2795,"column":null}},"line":2583},"111":{"name":"(anonymous_111)","decl":{"start":{"line":2719,"column":0},"end":{"line":2719,"column":null}},"loc":{"start":{"line":2719,"column":0},"end":{"line":2719,"column":null}},"line":2719},"112":{"name":"(anonymous_112)","decl":{"start":{"line":2720,"column":0},"end":{"line":2720,"column":null}},"loc":{"start":{"line":2720,"column":0},"end":{"line":2720,"column":null}},"line":2720},"113":{"name":"(anonymous_113)","decl":{"start":{"line":2736,"column":0},"end":{"line":2736,"column":null}},"loc":{"start":{"line":2736,"column":0},"end":{"line":2739,"column":null}},"line":2736},"114":{"name":"(anonymous_114)","decl":{"start":{"line":2740,"column":0},"end":{"line":2740,"column":null}},"loc":{"start":{"line":2740,"column":0},"end":{"line":2743,"column":null}},"line":2740},"115":{"name":"(anonymous_115)","decl":{"start":{"line":2767,"column":0},"end":{"line":2767,"column":null}},"loc":{"start":{"line":2768,"column":0},"end":{"line":2791,"column":null}},"line":2768},"116":{"name":"(anonymous_116)","decl":{"start":{"line":2801,"column":0},"end":{"line":2801,"column":null}},"loc":{"start":{"line":2802,"column":0},"end":{"line":2872,"column":null}},"line":2802},"117":{"name":"(anonymous_117)","decl":{"start":{"line":2818,"column":0},"end":{"line":2818,"column":null}},"loc":{"start":{"line":2819,"column":0},"end":{"line":2868,"column":null}},"line":2819},"118":{"name":"(anonymous_118)","decl":{"start":{"line":2878,"column":0},"end":{"line":2878,"column":null}},"loc":{"start":{"line":2879,"column":0},"end":{"line":2981,"column":null}},"line":2879},"119":{"name":"(anonymous_119)","decl":{"start":{"line":2914,"column":0},"end":{"line":2914,"column":null}},"loc":{"start":{"line":2915,"column":0},"end":{"line":2977,"column":null}},"line":2915},"120":{"name":"(anonymous_120)","decl":{"start":{"line":2987,"column":0},"end":{"line":2987,"column":null}},"loc":{"start":{"line":2988,"column":0},"end":{"line":3132,"column":null}},"line":2988},"121":{"name":"(anonymous_121)","decl":{"start":{"line":2998,"column":0},"end":{"line":2998,"column":null}},"loc":{"start":{"line":2999,"column":0},"end":{"line":3129,"column":null}},"line":2999},"122":{"name":"(anonymous_122)","decl":{"start":{"line":3011,"column":0},"end":{"line":3011,"column":null}},"loc":{"start":{"line":3011,"column":0},"end":{"line":3014,"column":null}},"line":3011},"123":{"name":"(anonymous_123)","decl":{"start":{"line":3015,"column":0},"end":{"line":3015,"column":null}},"loc":{"start":{"line":3015,"column":0},"end":{"line":3018,"column":null}},"line":3015},"124":{"name":"(anonymous_124)","decl":{"start":{"line":3120,"column":0},"end":{"line":3120,"column":null}},"loc":{"start":{"line":3120,"column":0},"end":{"line":3122,"column":null}},"line":3120},"125":{"name":"(anonymous_125)","decl":{"start":{"line":3123,"column":0},"end":{"line":3123,"column":null}},"loc":{"start":{"line":3123,"column":0},"end":{"line":3125,"column":null}},"line":3123},"126":{"name":"(anonymous_126)","decl":{"start":{"line":3138,"column":0},"end":{"line":3138,"column":null}},"loc":{"start":{"line":3139,"column":0},"end":{"line":3421,"column":null}},"line":3139},"127":{"name":"(anonymous_127)","decl":{"start":{"line":3247,"column":0},"end":{"line":3247,"column":null}},"loc":{"start":{"line":3248,"column":0},"end":{"line":3292,"column":null}},"line":3248},"128":{"name":"(anonymous_128)","decl":{"start":{"line":3336,"column":0},"end":{"line":3336,"column":null}},"loc":{"start":{"line":3337,"column":0},"end":{"line":3417,"column":null}},"line":3337},"129":{"name":"(anonymous_129)","decl":{"start":{"line":3347,"column":0},"end":{"line":3347,"column":null}},"loc":{"start":{"line":3348,"column":0},"end":{"line":3357,"column":null}},"line":3348},"130":{"name":"(anonymous_130)","decl":{"start":{"line":3427,"column":0},"end":{"line":3427,"column":null}},"loc":{"start":{"line":3427,"column":0},"end":{"line":3577,"column":null}},"line":3427},"131":{"name":"(anonymous_131)","decl":{"start":{"line":3431,"column":0},"end":{"line":3431,"column":null}},"loc":{"start":{"line":3431,"column":0},"end":{"line":3438,"column":null}},"line":3431},"132":{"name":"(anonymous_132)","decl":{"start":{"line":3436,"column":0},"end":{"line":3436,"column":null}},"loc":{"start":{"line":3436,"column":0},"end":{"line":3436,"column":null}},"line":3436},"133":{"name":"(anonymous_133)","decl":{"start":{"line":3520,"column":0},"end":{"line":3520,"column":null}},"loc":{"start":{"line":3520,"column":0},"end":{"line":3520,"column":null}},"line":3520},"134":{"name":"(anonymous_134)","decl":{"start":{"line":3553,"column":0},"end":{"line":3553,"column":null}},"loc":{"start":{"line":3553,"column":0},"end":{"line":3553,"column":null}},"line":3553},"135":{"name":"(anonymous_135)","decl":{"start":{"line":3554,"column":0},"end":{"line":3554,"column":null}},"loc":{"start":{"line":3555,"column":0},"end":{"line":3555,"column":null}},"line":3555},"136":{"name":"(anonymous_136)","decl":{"start":{"line":3582,"column":0},"end":{"line":3582,"column":null}},"loc":{"start":{"line":3583,"column":0},"end":{"line":3937,"column":null}},"line":3583},"137":{"name":"(anonymous_137)","decl":{"start":{"line":3656,"column":0},"end":{"line":3656,"column":null}},"loc":{"start":{"line":3657,"column":0},"end":{"line":3683,"column":null}},"line":3657},"138":{"name":"(anonymous_138)","decl":{"start":{"line":3673,"column":0},"end":{"line":3673,"column":null}},"loc":{"start":{"line":3673,"column":0},"end":{"line":3676,"column":null}},"line":3673},"139":{"name":"(anonymous_139)","decl":{"start":{"line":3677,"column":0},"end":{"line":3677,"column":null}},"loc":{"start":{"line":3677,"column":0},"end":{"line":3680,"column":null}},"line":3677},"140":{"name":"(anonymous_140)","decl":{"start":{"line":3712,"column":0},"end":{"line":3712,"column":null}},"loc":{"start":{"line":3713,"column":0},"end":{"line":3726,"column":null}},"line":3713},"141":{"name":"(anonymous_141)","decl":{"start":{"line":3884,"column":0},"end":{"line":3884,"column":null}},"loc":{"start":{"line":3885,"column":0},"end":{"line":3898,"column":null}},"line":3885},"142":{"name":"(anonymous_142)","decl":{"start":{"line":3943,"column":0},"end":{"line":3943,"column":null}},"loc":{"start":{"line":3951,"column":0},"end":{"line":4128,"column":null}},"line":3951},"143":{"name":"(anonymous_143)","decl":{"start":{"line":3953,"column":0},"end":{"line":3953,"column":null}},"loc":{"start":{"line":3953,"column":0},"end":{"line":3956,"column":null}},"line":3953},"144":{"name":"(anonymous_144)","decl":{"start":{"line":3998,"column":0},"end":{"line":3998,"column":null}},"loc":{"start":{"line":3999,"column":0},"end":{"line":4015,"column":null}},"line":3999},"145":{"name":"(anonymous_145)","decl":{"start":{"line":4001,"column":0},"end":{"line":4001,"column":null}},"loc":{"start":{"line":4001,"column":0},"end":{"line":4001,"column":null}},"line":4001},"146":{"name":"(anonymous_146)","decl":{"start":{"line":4032,"column":0},"end":{"line":4032,"column":null}},"loc":{"start":{"line":4032,"column":0},"end":{"line":4032,"column":null}},"line":4032},"147":{"name":"(anonymous_147)","decl":{"start":{"line":4056,"column":0},"end":{"line":4056,"column":null}},"loc":{"start":{"line":4056,"column":0},"end":{"line":4056,"column":null}},"line":4056},"148":{"name":"(anonymous_148)","decl":{"start":{"line":4104,"column":0},"end":{"line":4104,"column":null}},"loc":{"start":{"line":4105,"column":0},"end":{"line":4122,"column":null}},"line":4105},"149":{"name":"(anonymous_149)","decl":{"start":{"line":4107,"column":0},"end":{"line":4107,"column":null}},"loc":{"start":{"line":4107,"column":0},"end":{"line":4107,"column":null}},"line":4107},"150":{"name":"Home","decl":{"start":{"line":4133,"column":0},"end":{"line":4133,"column":null}},"loc":{"start":{"line":4139,"column":0},"end":{"line":4590,"column":null}},"line":4139},"151":{"name":"(anonymous_151)","decl":{"start":{"line":4171,"column":0},"end":{"line":4171,"column":null}},"loc":{"start":{"line":4171,"column":0},"end":{"line":4207,"column":null}},"line":4171},"152":{"name":"(anonymous_152)","decl":{"start":{"line":4187,"column":0},"end":{"line":4187,"column":null}},"loc":{"start":{"line":4187,"column":0},"end":{"line":4206,"column":null}},"line":4187},"153":{"name":"(anonymous_153)","decl":{"start":{"line":4210,"column":0},"end":{"line":4210,"column":null}},"loc":{"start":{"line":4210,"column":0},"end":{"line":4232,"column":null}},"line":4210},"154":{"name":"(anonymous_154)","decl":{"start":{"line":4220,"column":0},"end":{"line":4220,"column":null}},"loc":{"start":{"line":4220,"column":0},"end":{"line":4220,"column":null}},"line":4220},"155":{"name":"(anonymous_155)","decl":{"start":{"line":4221,"column":0},"end":{"line":4221,"column":null}},"loc":{"start":{"line":4221,"column":0},"end":{"line":4227,"column":null}},"line":4221},"156":{"name":"(anonymous_156)","decl":{"start":{"line":4225,"column":0},"end":{"line":4225,"column":null}},"loc":{"start":{"line":4225,"column":0},"end":{"line":4225,"column":null}},"line":4225},"157":{"name":"(anonymous_157)","decl":{"start":{"line":4228,"column":0},"end":{"line":4228,"column":null}},"loc":{"start":{"line":4229,"column":0},"end":{"line":4229,"column":null}},"line":4229},"158":{"name":"(anonymous_158)","decl":{"start":{"line":4231,"column":0},"end":{"line":4231,"column":null}},"loc":{"start":{"line":4231,"column":0},"end":{"line":4231,"column":null}},"line":4231},"159":{"name":"(anonymous_159)","decl":{"start":{"line":4237,"column":0},"end":{"line":4237,"column":null}},"loc":{"start":{"line":4237,"column":0},"end":{"line":4239,"column":null}},"line":4237},"160":{"name":"(anonymous_160)","decl":{"start":{"line":4241,"column":0},"end":{"line":4241,"column":null}},"loc":{"start":{"line":4241,"column":0},"end":{"line":4260,"column":null}},"line":4241},"161":{"name":"(anonymous_161)","decl":{"start":{"line":4256,"column":0},"end":{"line":4256,"column":null}},"loc":{"start":{"line":4256,"column":0},"end":{"line":4256,"column":null}},"line":4256},"162":{"name":"(anonymous_162)","decl":{"start":{"line":4262,"column":0},"end":{"line":4262,"column":null}},"loc":{"start":{"line":4262,"column":0},"end":{"line":4264,"column":null}},"line":4262},"163":{"name":"(anonymous_163)","decl":{"start":{"line":4266,"column":0},"end":{"line":4266,"column":null}},"loc":{"start":{"line":4266,"column":0},"end":{"line":4276,"column":null}},"line":4266},"164":{"name":"(anonymous_164)","decl":{"start":{"line":4267,"column":0},"end":{"line":4267,"column":null}},"loc":{"start":{"line":4267,"column":0},"end":{"line":4272,"column":null}},"line":4267},"165":{"name":"(anonymous_165)","decl":{"start":{"line":4268,"column":0},"end":{"line":4268,"column":null}},"loc":{"start":{"line":4268,"column":0},"end":{"line":4268,"column":null}},"line":4268},"166":{"name":"(anonymous_166)","decl":{"start":{"line":4270,"column":0},"end":{"line":4270,"column":null}},"loc":{"start":{"line":4270,"column":0},"end":{"line":4270,"column":null}},"line":4270},"167":{"name":"(anonymous_167)","decl":{"start":{"line":4274,"column":0},"end":{"line":4274,"column":null}},"loc":{"start":{"line":4274,"column":0},"end":{"line":4274,"column":null}},"line":4274},"168":{"name":"(anonymous_168)","decl":{"start":{"line":4278,"column":0},"end":{"line":4278,"column":null}},"loc":{"start":{"line":4278,"column":0},"end":{"line":4285,"column":null}},"line":4278},"169":{"name":"(anonymous_169)","decl":{"start":{"line":4279,"column":0},"end":{"line":4279,"column":null}},"loc":{"start":{"line":4279,"column":0},"end":{"line":4284,"column":null}},"line":4279},"170":{"name":"(anonymous_170)","decl":{"start":{"line":4280,"column":0},"end":{"line":4280,"column":null}},"loc":{"start":{"line":4280,"column":0},"end":{"line":4280,"column":null}},"line":4280},"171":{"name":"(anonymous_171)","decl":{"start":{"line":4282,"column":0},"end":{"line":4282,"column":null}},"loc":{"start":{"line":4282,"column":0},"end":{"line":4282,"column":null}},"line":4282},"172":{"name":"(anonymous_172)","decl":{"start":{"line":4283,"column":0},"end":{"line":4283,"column":null}},"loc":{"start":{"line":4283,"column":0},"end":{"line":4283,"column":null}},"line":4283},"173":{"name":"(anonymous_173)","decl":{"start":{"line":4287,"column":0},"end":{"line":4287,"column":null}},"loc":{"start":{"line":4287,"column":0},"end":{"line":4287,"column":null}},"line":4287},"174":{"name":"(anonymous_174)","decl":{"start":{"line":4306,"column":0},"end":{"line":4306,"column":null}},"loc":{"start":{"line":4306,"column":0},"end":{"line":4306,"column":null}},"line":4306},"175":{"name":"(anonymous_175)","decl":{"start":{"line":4310,"column":0},"end":{"line":4310,"column":null}},"loc":{"start":{"line":4310,"column":0},"end":{"line":4313,"column":null}},"line":4310},"176":{"name":"(anonymous_176)","decl":{"start":{"line":4318,"column":0},"end":{"line":4318,"column":null}},"loc":{"start":{"line":4319,"column":0},"end":{"line":4319,"column":null}},"line":4319},"177":{"name":"(anonymous_177)","decl":{"start":{"line":4411,"column":0},"end":{"line":4411,"column":null}},"loc":{"start":{"line":4411,"column":0},"end":{"line":4414,"column":null}},"line":4411},"178":{"name":"(anonymous_178)","decl":{"start":{"line":4441,"column":0},"end":{"line":4441,"column":null}},"loc":{"start":{"line":4442,"column":0},"end":{"line":4456,"column":null}},"line":4442},"179":{"name":"(anonymous_179)","decl":{"start":{"line":4472,"column":0},"end":{"line":4472,"column":null}},"loc":{"start":{"line":4472,"column":0},"end":{"line":4472,"column":null}},"line":4472},"180":{"name":"(anonymous_180)","decl":{"start":{"line":4486,"column":0},"end":{"line":4486,"column":null}},"loc":{"start":{"line":4486,"column":0},"end":{"line":4490,"column":null}},"line":4486},"181":{"name":"(anonymous_181)","decl":{"start":{"line":4491,"column":0},"end":{"line":4491,"column":null}},"loc":{"start":{"line":4491,"column":0},"end":{"line":4493,"column":null}},"line":4491},"182":{"name":"(anonymous_182)","decl":{"start":{"line":4499,"column":0},"end":{"line":4499,"column":null}},"loc":{"start":{"line":4500,"column":0},"end":{"line":4524,"column":null}},"line":4500},"183":{"name":"(anonymous_183)","decl":{"start":{"line":4502,"column":0},"end":{"line":4502,"column":null}},"loc":{"start":{"line":4502,"column":0},"end":{"line":4502,"column":null}},"line":4502},"184":{"name":"(anonymous_184)","decl":{"start":{"line":4529,"column":0},"end":{"line":4529,"column":null}},"loc":{"start":{"line":4530,"column":0},"end":{"line":4532,"column":null}},"line":4530},"185":{"name":"(anonymous_185)","decl":{"start":{"line":4530,"column":0},"end":{"line":4530,"column":null}},"loc":{"start":{"line":4531,"column":0},"end":{"line":4531,"column":null}},"line":4531},"186":{"name":"(anonymous_186)","decl":{"start":{"line":4553,"column":0},"end":{"line":4553,"column":null}},"loc":{"start":{"line":4553,"column":0},"end":{"line":4557,"column":null}},"line":4553},"187":{"name":"(anonymous_187)","decl":{"start":{"line":4558,"column":0},"end":{"line":4558,"column":null}},"loc":{"start":{"line":4558,"column":0},"end":{"line":4560,"column":null}},"line":4558},"188":{"name":"(anonymous_188)","decl":{"start":{"line":4582,"column":0},"end":{"line":4582,"column":null}},"loc":{"start":{"line":4582,"column":0},"end":{"line":4582,"column":null}},"line":4582},"189":{"name":"App","decl":{"start":{"line":4592,"column":0},"end":{"line":4592,"column":null}},"loc":{"start":{"line":4592,"column":0},"end":{"line":4613,"column":null}},"line":4592}},"branchMap":{"0":{"loc":{"start":{"line":115,"column":0},"end":{"line":115,"column":null}},"type":"default-arg","locations":[{"start":{"line":115,"column":0},"end":{"line":115,"column":null}}],"line":115},"1":{"loc":{"start":{"line":131,"column":0},"end":{"line":272,"column":null}},"type":"switch","locations":[{"start":{"line":133,"column":0},"end":{"line":138,"column":null}},{"start":{"line":140,"column":0},"end":{"line":147,"column":null}},{"start":{"line":149,"column":0},"end":{"line":156,"column":null}},{"start":{"line":158,"column":0},"end":{"line":165,"column":null}},{"start":{"line":167,"column":0},"end":{"line":171,"column":null}},{"start":{"line":173,"column":0},"end":{"line":180,"column":null}},{"start":{"line":183,"column":0},"end":{"line":188,"column":null}},{"start":{"line":190,"column":0},"end":{"line":198,"column":null}},{"start":{"line":200,"column":0},"end":{"line":205,"column":null}},{"start":{"line":207,"column":0},"end":{"line":212,"column":null}},{"start":{"line":214,"column":0},"end":{"line":222,"column":null}},{"start":{"line":224,"column":0},"end":{"line":231,"column":null}},{"start":{"line":234,"column":0},"end":{"line":240,"column":null}},{"start":{"line":242,"column":0},"end":{"line":248,"column":null}},{"start":{"line":250,"column":0},"end":{"line":255,"column":null}},{"start":{"line":257,"column":0},"end":{"line":263,"column":null}},{"start":{"line":265,"column":0},"end":{"line":270,"column":null}}],"line":131},"2":{"loc":{"start":{"line":557,"column":0},"end":{"line":557,"column":null}},"type":"default-arg","locations":[{"start":{"line":557,"column":0},"end":{"line":557,"column":null}}],"line":557},"3":{"loc":{"start":{"line":558,"column":0},"end":{"line":558,"column":null}},"type":"default-arg","locations":[{"start":{"line":558,"column":0},"end":{"line":558,"column":null}}],"line":558},"4":{"loc":{"start":{"line":559,"column":0},"end":{"line":559,"column":null}},"type":"default-arg","locations":[{"start":{"line":559,"column":0},"end":{"line":559,"column":null}}],"line":559},"5":{"loc":{"start":{"line":560,"column":0},"end":{"line":560,"column":null}},"type":"default-arg","locations":[{"start":{"line":560,"column":0},"end":{"line":560,"column":null}}],"line":560},"6":{"loc":{"start":{"line":603,"column":0},"end":{"line":603,"column":null}},"type":"default-arg","locations":[{"start":{"line":603,"column":0},"end":{"line":603,"column":null}}],"line":603},"7":{"loc":{"start":{"line":608,"column":0},"end":{"line":608,"column":null}},"type":"cond-expr","locations":[{"start":{"line":608,"column":0},"end":{"line":608,"column":null}},{"start":{"line":608,"column":0},"end":{"line":608,"column":null}}],"line":608},"8":{"loc":{"start":{"line":618,"column":0},"end":{"line":618,"column":null}},"type":"default-arg","locations":[{"start":{"line":618,"column":0},"end":{"line":618,"column":null}}],"line":618},"9":{"loc":{"start":{"line":636,"column":0},"end":{"line":636,"column":null}},"type":"default-arg","locations":[{"start":{"line":636,"column":0},"end":{"line":636,"column":null}}],"line":636},"10":{"loc":{"start":{"line":652,"column":0},"end":{"line":652,"column":null}},"type":"default-arg","locations":[{"start":{"line":652,"column":0},"end":{"line":652,"column":null}}],"line":652},"11":{"loc":{"start":{"line":667,"column":0},"end":{"line":667,"column":null}},"type":"default-arg","locations":[{"start":{"line":667,"column":0},"end":{"line":667,"column":null}}],"line":667},"12":{"loc":{"start":{"line":683,"column":0},"end":{"line":683,"column":null}},"type":"default-arg","locations":[{"start":{"line":683,"column":0},"end":{"line":683,"column":null}}],"line":683},"13":{"loc":{"start":{"line":699,"column":0},"end":{"line":699,"column":null}},"type":"default-arg","locations":[{"start":{"line":699,"column":0},"end":{"line":699,"column":null}}],"line":699},"14":{"loc":{"start":{"line":718,"column":0},"end":{"line":718,"column":null}},"type":"default-arg","locations":[{"start":{"line":718,"column":0},"end":{"line":718,"column":null}}],"line":718},"15":{"loc":{"start":{"line":787,"column":0},"end":{"line":787,"column":null}},"type":"cond-expr","locations":[{"start":{"line":787,"column":0},"end":{"line":787,"column":null}},{"start":{"line":787,"column":0},"end":{"line":787,"column":null}}],"line":787},"16":{"loc":{"start":{"line":794,"column":0},"end":{"line":794,"column":null}},"type":"cond-expr","locations":[{"start":{"line":794,"column":0},"end":{"line":794,"column":null}},{"start":{"line":794,"column":0},"end":{"line":794,"column":null}}],"line":794},"17":{"loc":{"start":{"line":795,"column":0},"end":{"line":795,"column":null}},"type":"cond-expr","locations":[{"start":{"line":795,"column":0},"end":{"line":795,"column":null}},{"start":{"line":795,"column":0},"end":{"line":795,"column":null}}],"line":795},"18":{"loc":{"start":{"line":798,"column":0},"end":{"line":798,"column":null}},"type":"cond-expr","locations":[{"start":{"line":798,"column":0},"end":{"line":798,"column":null}},{"start":{"line":798,"column":0},"end":{"line":798,"column":null}}],"line":798},"19":{"loc":{"start":{"line":799,"column":0},"end":{"line":799,"column":null}},"type":"cond-expr","locations":[{"start":{"line":799,"column":0},"end":{"line":799,"column":null}},{"start":{"line":799,"column":0},"end":{"line":799,"column":null}}],"line":799},"20":{"loc":{"start":{"line":926,"column":0},"end":{"line":926,"column":null}},"type":"binary-expr","locations":[{"start":{"line":926,"column":0},"end":{"line":926,"column":null}},{"start":{"line":926,"column":0},"end":{"line":926,"column":null}}],"line":926},"21":{"loc":{"start":{"line":956,"column":0},"end":{"line":957,"column":null}},"type":"binary-expr","locations":[{"start":{"line":956,"column":0},"end":{"line":956,"column":null}},{"start":{"line":957,"column":0},"end":{"line":957,"column":null}}],"line":956},"22":{"loc":{"start":{"line":968,"column":0},"end":{"line":970,"column":null}},"type":"if","locations":[{"start":{"line":968,"column":0},"end":{"line":970,"column":null}},{"start":{},"end":{}}],"line":968},"23":{"loc":{"start":{"line":968,"column":0},"end":{"line":968,"column":null}},"type":"binary-expr","locations":[{"start":{"line":968,"column":0},"end":{"line":968,"column":null}},{"start":{"line":968,"column":0},"end":{"line":968,"column":null}}],"line":968},"24":{"loc":{"start":{"line":978,"column":0},"end":{"line":978,"column":null}},"type":"if","locations":[{"start":{"line":978,"column":0},"end":{"line":978,"column":null}},{"start":{},"end":{}}],"line":978},"25":{"loc":{"start":{"line":980,"column":0},"end":{"line":984,"column":null}},"type":"if","locations":[{"start":{"line":980,"column":0},"end":{"line":984,"column":null}},{"start":{},"end":{}}],"line":980},"26":{"loc":{"start":{"line":991,"column":0},"end":{"line":991,"column":null}},"type":"cond-expr","locations":[{"start":{"line":991,"column":0},"end":{"line":991,"column":null}},{"start":{"line":991,"column":0},"end":{"line":991,"column":null}}],"line":991},"27":{"loc":{"start":{"line":1005,"column":0},"end":{"line":1005,"column":null}},"type":"if","locations":[{"start":{"line":1005,"column":0},"end":{"line":1005,"column":null}},{"start":{},"end":{}}],"line":1005},"28":{"loc":{"start":{"line":1018,"column":0},"end":{"line":1020,"column":null}},"type":"cond-expr","locations":[{"start":{"line":1019,"column":0},"end":{"line":1019,"column":null}},{"start":{"line":1020,"column":0},"end":{"line":1020,"column":null}}],"line":1018},"29":{"loc":{"start":{"line":1023,"column":0},"end":{"line":1025,"column":null}},"type":"cond-expr","locations":[{"start":{"line":1024,"column":0},"end":{"line":1024,"column":null}},{"start":{"line":1025,"column":0},"end":{"line":1025,"column":null}}],"line":1023},"30":{"loc":{"start":{"line":1023,"column":0},"end":{"line":1023,"column":null}},"type":"binary-expr","locations":[{"start":{"line":1023,"column":0},"end":{"line":1023,"column":null}},{"start":{"line":1023,"column":0},"end":{"line":1023,"column":null}}],"line":1023},"31":{"loc":{"start":{"line":1094,"column":0},"end":{"line":1094,"column":null}},"type":"cond-expr","locations":[{"start":{"line":1094,"column":0},"end":{"line":1094,"column":null}},{"start":{"line":1094,"column":0},"end":{"line":1094,"column":null}}],"line":1094},"32":{"loc":{"start":{"line":1103,"column":0},"end":{"line":1103,"column":null}},"type":"cond-expr","locations":[{"start":{"line":1103,"column":0},"end":{"line":1103,"column":null}},{"start":{"line":1103,"column":0},"end":{"line":1103,"column":null}}],"line":1103},"33":{"loc":{"start":{"line":1104,"column":0},"end":{"line":1104,"column":null}},"type":"cond-expr","locations":[{"start":{"line":1104,"column":0},"end":{"line":1104,"column":null}},{"start":{"line":1104,"column":0},"end":{"line":1104,"column":null}}],"line":1104},"34":{"loc":{"start":{"line":1115,"column":0},"end":{"line":1115,"column":null}},"type":"cond-expr","locations":[{"start":{"line":1115,"column":0},"end":{"line":1115,"column":null}},{"start":{"line":1115,"column":0},"end":{"line":1115,"column":null}}],"line":1115},"35":{"loc":{"start":{"line":1130,"column":0},"end":{"line":1130,"column":null}},"type":"cond-expr","locations":[{"start":{"line":1130,"column":0},"end":{"line":1130,"column":null}},{"start":{"line":1130,"column":0},"end":{"line":1130,"column":null}}],"line":1130},"36":{"loc":{"start":{"line":1132,"column":0},"end":{"line":1132,"column":null}},"type":"cond-expr","locations":[{"start":{"line":1132,"column":0},"end":{"line":1132,"column":null}},{"start":{"line":1132,"column":0},"end":{"line":1132,"column":null}}],"line":1132},"37":{"loc":{"start":{"line":1136,"column":0},"end":{"line":1163,"column":null}},"type":"binary-expr","locations":[{"start":{"line":1136,"column":0},"end":{"line":1136,"column":null}},{"start":{"line":1137,"column":0},"end":{"line":1163,"column":null}}],"line":1136},"38":{"loc":{"start":{"line":1147,"column":0},"end":{"line":1148,"column":null}},"type":"if","locations":[{"start":{"line":1147,"column":0},"end":{"line":1148,"column":null}},{"start":{},"end":{}}],"line":1147},"39":{"loc":{"start":{"line":1147,"column":0},"end":{"line":1147,"column":null}},"type":"binary-expr","locations":[{"start":{"line":1147,"column":0},"end":{"line":1147,"column":null}},{"start":{"line":1147,"column":0},"end":{"line":1147,"column":null}}],"line":1147},"40":{"loc":{"start":{"line":1152,"column":0},"end":{"line":1152,"column":null}},"type":"if","locations":[{"start":{"line":1152,"column":0},"end":{"line":1152,"column":null}},{"start":{},"end":{}}],"line":1152},"41":{"loc":{"start":{"line":1170,"column":0},"end":{"line":1174,"column":null}},"type":"if","locations":[{"start":{"line":1170,"column":0},"end":{"line":1174,"column":null}},{"start":{},"end":{}}],"line":1170},"42":{"loc":{"start":{"line":1184,"column":0},"end":{"line":1187,"column":null}},"type":"cond-expr","locations":[{"start":{"line":1185,"column":0},"end":{"line":1185,"column":null}},{"start":{"line":1187,"column":0},"end":{"line":1187,"column":null}}],"line":1184},"43":{"loc":{"start":{"line":1193,"column":0},"end":{"line":1419,"column":null}},"type":"binary-expr","locations":[{"start":{"line":1193,"column":0},"end":{"line":1193,"column":null}},{"start":{"line":1193,"column":0},"end":{"line":1193,"column":null}},{"start":{"line":1194,"column":0},"end":{"line":1419,"column":null}}],"line":1193},"44":{"loc":{"start":{"line":1226,"column":0},"end":{"line":1228,"column":null}},"type":"cond-expr","locations":[{"start":{"line":1227,"column":0},"end":{"line":1227,"column":null}},{"start":{"line":1228,"column":0},"end":{"line":1228,"column":null}}],"line":1226},"45":{"loc":{"start":{"line":1228,"column":0},"end":{"line":1228,"column":null}},"type":"cond-expr","locations":[{"start":{"line":1228,"column":0},"end":{"line":1228,"column":null}},{"start":{"line":1228,"column":0},"end":{"line":1228,"column":null}}],"line":1228},"46":{"loc":{"start":{"line":1249,"column":0},"end":{"line":1249,"column":null}},"type":"if","locations":[{"start":{"line":1249,"column":0},"end":{"line":1249,"column":null}},{"start":{},"end":{}}],"line":1249},"47":{"loc":{"start":{"line":1264,"column":0},"end":{"line":1266,"column":null}},"type":"cond-expr","locations":[{"start":{"line":1265,"column":0},"end":{"line":1265,"column":null}},{"start":{"line":1266,"column":0},"end":{"line":1266,"column":null}}],"line":1264},"48":{"loc":{"start":{"line":1276,"column":0},"end":{"line":1312,"column":null}},"type":"cond-expr","locations":[{"start":{"line":1277,"column":0},"end":{"line":1296,"column":null}},{"start":{"line":1298,"column":0},"end":{"line":1312,"column":null}}],"line":1276},"49":{"loc":{"start":{"line":1339,"column":0},"end":{"line":1351,"column":null}},"type":"binary-expr","locations":[{"start":{"line":1339,"column":0},"end":{"line":1339,"column":null}},{"start":{"line":1340,"column":0},"end":{"line":1351,"column":null}}],"line":1339},"50":{"loc":{"start":{"line":1353,"column":0},"end":{"line":1369,"column":null}},"type":"binary-expr","locations":[{"start":{"line":1353,"column":0},"end":{"line":1353,"column":null}},{"start":{"line":1354,"column":0},"end":{"line":1369,"column":null}}],"line":1353},"51":{"loc":{"start":{"line":1392,"column":0},"end":{"line":1417,"column":null}},"type":"binary-expr","locations":[{"start":{"line":1392,"column":0},"end":{"line":1392,"column":null}},{"start":{"line":1393,"column":0},"end":{"line":1393,"column":null}},{"start":{"line":1394,"column":0},"end":{"line":1394,"column":null}},{"start":{"line":1395,"column":0},"end":{"line":1417,"column":null}}],"line":1392},"52":{"loc":{"start":{"line":1435,"column":0},"end":{"line":1456,"column":null}},"type":"binary-expr","locations":[{"start":{"line":1435,"column":0},"end":{"line":1435,"column":null}},{"start":{"line":1436,"column":0},"end":{"line":1456,"column":null}}],"line":1435},"53":{"loc":{"start":{"line":1437,"column":0},"end":{"line":1437,"column":null}},"type":"cond-expr","locations":[{"start":{"line":1437,"column":0},"end":{"line":1437,"column":null}},{"start":{"line":1437,"column":0
[...]
207,"column":0},"end":{"line":209,"column":null}},"16":{"start":{"line":211,"column":0},"end":{"line":212,"column":null}},"17":{"start":{"line":215,"column":0},"end":{"line":215,"column":null}},"18":{"start":{"line":217,"column":0},"end":{"line":224,"column":null}},"19":{"start":{"line":218,"column":0},"end":{"line":218,"column":null}},"20":{"start":{"line":219,"column":0},"end":{"line":223,"column":null}},"21":{"start":{"line":220,"column":0},"end":{"line":220,"column":null}},"22":{"start":{"line":221,"column":0},"end":{"line":221,"column":null}},"23":{"start":{"line":222,"column":0},"end":{"line":222,"column":null}},"24":{"start":{"line":223,"column":0},"end":{"line":223,"column":null}},"25":{"start":{"line":226,"column":0},"end":{"line":246,"column":null}},"26":{"start":{"line":227,"column":0},"end":{"line":246,"column":null}},"27":{"start":{"line":249,"column":0},"end":{"line":282,"column":null}},"28":{"start":{"line":250,"column":0},"end":{"line":282,"column":null}},"29":{"start":{"line":286,"column":0},"end":{"line":287,"column":null}},"30":{"start":{"line":288,"column":0},"end":{"line":288,"column":null}},"31":{"start":{"line":289,"column":0},"end":{"line":289,"column":null}},"32":{"start":{"line":290,"column":0},"end":{"line":290,"column":null}},"33":{"start":{"line":291,"column":0},"end":{"line":291,"column":null}},"34":{"start":{"line":292,"column":0},"end":{"line":292,"column":null}},"35":{"start":{"line":294,"column":0},"end":{"line":296,"column":null}},"36":{"start":{"line":298,"column":0},"end":{"line":1043,"column":null}},"37":{"start":{"line":417,"column":0},"end":{"line":445,"column":null}},"38":{"start":{"line":419,"column":0},"end":{"line":419,"column":null}},"39":{"start":{"line":534,"column":0},"end":{"line":547,"column":null}},"40":{"start":{"line":588,"column":0},"end":{"line":620,"column":null}},"41":{"start":{"line":654,"column":0},"end":{"line":676,"column":null}},"42":{"start":{"line":696,"column":0},"end":{"line":696,"column":null}},"43":{"start":{"line":698,"column":0},"end":{"line":698,"column":null}},"44":{"start":{"line":723,"column":0},"end":{"line":744,"column":null}},"45":{"start":{"line":725,"column":0},"end":{"line":725,"column":null}},"46":{"start":{"line":752,"column":0},"end":{"line":764,"column":null}},"47":{"start":{"line":791,"column":0},"end":{"line":791,"column":null}},"48":{"start":{"line":894,"column":0},"end":{"line":896,"column":null}},"49":{"start":{"line":895,"column":0},"end":{"line":895,"column":null}},"50":{"start":{"line":897,"column":0},"end":{"line":897,"column":null}},"51":{"start":{"line":898,"column":0},"end":{"line":945,"column":null}},"52":{"start":{"line":955,"column":0},"end":{"line":1036,"column":null}}},"fnMap":{"0":{"name":"(anonymous_0)","decl":{"start":{"line":134,"column":0},"end":{"line":134,"column":null}},"loc":{"start":{"line":135,"column":0},"end":{"line":149,"column":null}},"line":135},"1":{"name":"(anonymous_1)","decl":{"start":{"line":136,"column":0},"end":{"line":136,"column":null}},"loc":{"start":{"line":137,"column":0},"end":{"line":147,"column":null}},"line":137},"2":{"name":"(anonymous_2)","decl":{"start":{"line":152,"column":0},"end":{"line":152,"column":null}},"loc":{"start":{"line":153,"column":0},"end":{"line":199,"column":null}},"line":153},"3":{"name":"ProduktSzczegoly","decl":{"start":{"line":202,"column":0},"end":{"line":202,"column":null}},"loc":{"start":{"line":202,"column":0},"end":{"line":1045,"column":null}},"line":202},"4":{"name":"(anonymous_4)","decl":{"start":{"line":217,"column":0},"end":{"line":217,"column":null}},"loc":{"start":{"line":217,"column":0},"end":{"line":224,"column":null}},"line":217},"5":{"name":"(anonymous_5)","decl":{"start":{"line":220,"column":0},"end":{"line":220,"column":null}},"loc":{"start":{"line":220,"column":0},"end":{"line":220,"column":null}},"line":220},"6":{"name":"(anonymous_6)","decl":{"start":{"line":221,"column":0},"end":{"line":221,"column":null}},"loc":{"start":{"line":221,"column":0},"end":{"line":221,"column":null}},"line":221},"7":{"name":"(anonymous_7)","decl":{"start":{"line":222,"column":0},"end":{"line":222,"column":null}},"loc":{"start":{"line":222,"column":0},"end":{"line":222,"column":null}},"line":222},"8":{"name":"(anonymous_8)","decl":{"start":{"line":223,"column":0},"end":{"line":223,"column":null}},"loc":{"start":{"line":223,"column":0},"end":{"line":223,"column":null}},"line":223},"9":{"name":"(anonymous_9)","decl":{"start":{"line":416,"column":0},"end":{"line":416,"column":null}},"loc":{"start":{"line":417,"column":0},"end":{"line":445,"column":null}},"line":417},"10":{"name":"(anonymous_10)","decl":{"start":{"line":419,"column":0},"end":{"line":419,"column":null}},"loc":{"start":{"line":419,"column":0},"end":{"line":419,"column":null}},"line":419},"11":{"name":"(anonymous_11)","decl":{"start":{"line":533,"column":0},"end":{"line":533,"column":null}},"loc":{"start":{"line":534,"column":0},"end":{"line":547,"column":null}},"line":534},"12":{"name":"(anonymous_12)","decl":{"start":{"line":587,"column":0},"end":{"line":587,"column":null}},"loc":{"start":{"line":588,"column":0},"end":{"line":620,"column":null}},"line":588},"13":{"name":"(anonymous_13)","decl":{"start":{"line":653,"column":0},"end":{"line":653,"column":null}},"loc":{"start":{"line":654,"column":0},"end":{"line":676,"column":null}},"line":654},"14":{"name":"(anonymous_14)","decl":{"start":{"line":696,"column":0},"end":{"line":696,"column":null}},"loc":{"start":{"line":696,"column":0},"end":{"line":696,"column":null}},"line":696},"15":{"name":"(anonymous_15)","decl":{"start":{"line":697,"column":0},"end":{"line":697,"column":null}},"loc":{"start":{"line":698,"column":0},"end":{"line":698,"column":null}},"line":698},"16":{"name":"(anonymous_16)","decl":{"start":{"line":722,"column":0},"end":{"line":722,"column":null}},"loc":{"start":{"line":723,"column":0},"end":{"line":744,"column":null}},"line":723},"17":{"name":"(anonymous_17)","decl":{"start":{"line":725,"column":0},"end":{"line":725,"column":null}},"loc":{"start":{"line":725,"column":0},"end":{"line":725,"column":null}},"line":725},"18":{"name":"(anonymous_18)","decl":{"start":{"line":751,"column":0},"end":{"line":751,"column":null}},"loc":{"start":{"line":752,"column":0},"end":{"line":764,"column":null}},"line":752},"19":{"name":"(anonymous_19)","decl":{"start":{"line":790,"column":0},"end":{"line":790,"column":null}},"loc":{"start":{"line":791,"column":0},"end":{"line":791,"column":null}},"line":791},"20":{"name":"(anonymous_20)","decl":{"start":{"line":893,"column":0},"end":{"line":893,"column":null}},"loc":{"start":{"line":893,"column":0},"end":{"line":947,"column":null}},"line":893},"21":{"name":"(anonymous_21)","decl":{"start":{"line":895,"column":0},"end":{"line":895,"column":null}},"loc":{"start":{"line":895,"column":0},"end":{"line":895,"column":null}},"line":895},"22":{"name":"(anonymous_22)","decl":{"start":{"line":954,"column":0},"end":{"line":954,"column":null}},"loc":{"start":{"line":955,"column":0},"end":{"line":1036,"column":null}},"line":955}},"branchMap":{"0":{"loc":{"start":{"line":134,"column":0},"end":{"line":134,"column":null}},"type":"default-arg","locations":[{"start":{"line":134,"column":0},"end":{"line":134,"column":null}}],"line":134},"1":{"loc":{"start":{"line":142,"column":0},"end":{"line":142,"column":null}},"type":"cond-expr","locations":[{"start":{"line":142,"column":0},"end":{"line":142,"column":null}},{"start":{"line":142,"column":0},"end":{"line":142,"column":null}}],"line":142},"2":{"loc":{"start":{"line":211,"column":0},"end":{"line":212,"column":null}},"type":"binary-expr","locations":[{"start":{"line":211,"column":0},"end":{"line":211,"column":null}},{"start":{"line":212,"column":0},"end":{"line":212,"column":null}}],"line":211},"3":{"loc":{"start":{"line":215,"column":0},"end":{"line":215,"column":null}},"type":"cond-expr","locations":[{"start":{"line":215,"column":0},"end":{"line":215,"column":null}},{"start":{"line":215,"column":0},"end":{"line":215,"column":null}}],"line":215},"4":{"loc":{"start":{"line":220,"column":0},"end":{"line":220,"column":null}},"type":"cond-expr","locations":[{"start":{"line":220,"column":0},"end":{"line":220,"column":null}},{"start":{"line":220,"column":0},"end":{"line":220,"column":null}}],"line":220},"5":{"loc":{"start":{"line":226,"column":0},"end":{"line":246,"column":null}},"type":"if","locations":[{"start":{"line":226,"column":0},"end":{"line":246,"column":null}},{"start":{},"end":{}}],"line":226},"6":{"loc":{"start":{"line":249,"column":0},"end":{"line":282,"column":null}},"type":"if","locations":[{"start":{"line":249,"column":0},"end":{"line":282,"column":null}},{"start":{},"end":{}}],"line":249},"7":{"loc":{"start":{"line":286,"column":0},"end":{"line":287,"column":null}},"type":"binary-expr","locations":[{"start":{"line":286,"column":0},"end":{"line":286,"column":null}},{"start":{"line":287,"column":0},"end":{"line":287,"column":null}}],"line":286},"8":{"loc":{"start":{"line":286,"column":0},"end":{"line":286,"column":null}},"type":"binary-expr","locations":[{"start":{"line":286,"column":0},"end":{"line":286,"column":null}},{"start":{"line":286,"column":0},"end":{"line":286,"column":null}}],"line":286},"9":{"loc":{"start":{"line":289,"column":0},"end":{"line":289,"column":null}},"type":"binary-expr","locations":[{"start":{"line":289,"column":0},"end":{"line":289,"column":null}},{"start":{"line":289,"column":0},"end":{"line":289,"column":null}}],"line":289},"10":{"loc":{"start":{"line":290,"column":0},"end":{"line":290,"column":null}},"type":"binary-expr","locations":[{"start":{"line":290,"column":0},"end":{"line":290,"column":null}},{"start":{"line":290,"column":0},"end":{"line":290,"column":null}}],"line":290},"11":{"loc":{"start":{"line":291,"column":0},"end":{"line":291,"column":null}},"type":"binary-expr","locations":[{"start":{"line":291,"column":0},"end":{"line":291,"column":null}},{"start":{"line":291,"column":0},"end":{"line":291,"column":null}}],"line":291},"12":{"loc":{"start":{"line":292,"column":0},"end":{"line":292,"column":null}},"type":"binary-expr","locations":[{"start":{"line":292,"column":0},"end":{"line":292,"column":null}},{"start":{"line":292,"column":0},"end":{"line":292,"column":null}}],"line":292},"13":{"loc":{"start":{"line":294,"column":0},"end":{"line":296,"column":null}},"type":"cond-expr","locations":[{"start":{"line":295,"column":0},"end":{"line":295,"column":null}},{"start":{"line":296,"column":0},"end":{"line":296,"column":null}}],"line":294},"14":{"loc":{"start":{"line":295,"column":0},"end":{"line":295,"column":null}},"type":"binary-expr","locations":[{"start":{"line":295,"column":0},"end":{"line":295,"column":null}},{"start":{"line":295,"column":0},"end":{"line":295,"column":null}}],"line":295},"15":{"loc":{"start":{"line":353,"column":0},"end":{"line":365,"column":null}},"type":"binary-expr","locations":[{"start":{"line":353,"column":0},"end":{"line":353,"column":null}},{"start":{"line":354,"column":0},"end":{"line":365,"column":null}}],"line":353},"16":{"loc":{"start":{"line":426,"column":0},"end":{"line":428,"column":null}},"type":"cond-expr","locations":[{"start":{"line":427,"column":0},"end":{"line":427,"column":null}},{"start":{"line":428,"column":0},"end":{"line":428,"column":null}}],"line":426},"17":{"loc":{"start":{"line":430,"column":0},"end":{"line":430,"column":null}},"type":"cond-expr","locations":[{"start":{"line":430,"column":0},"end":{"line":430,"column":null}},{"start":{"line":430,"column":0},"end":{"line":430,"column":null}}],"line":430},"18":{"loc":{"start":{"line":463,"column":0},"end":{"line":463,"column":null}},"type":"binary-expr","locations":[{"start":{"line":463,"column":0},"end":{"line":463,"column":null}},{"start":{"line":463,"column":0},"end":{"line":463,"column":null}}],"line":463},"19":{"loc":{"start":{"line":509,"column":0},"end":{"line":519,"column":null}},"type":"binary-expr","locations":[{"start":{"line":509,"column":0},"end":{"line":509,"column":null}},{"start":{"line":510,"column":0},"end":{"line":519,"column":null}}],"line":509},"20":{"loc":{"start":{"line":549,"column":0},"end":{"line":562,"column":null}},"type":"binary-expr","locations":[{"start":{"line":549,"column":0},"end":{"line":549,"column":null}},{"start":{"line":550,"column":0},"end":{"line":562,"column":null}}],"line":549},"21":{"loc":{"start":{"line":578,"column":0},"end":{"line":580,"column":null}},"type":"cond-expr","locations":[{"start":{"line":579,"column":0},"end":{"line":579,"column":null}},{"start":{"line":580,"column":0},"end":{"line":580,"column":null}}],"line":578},"22":{"loc":{"start":{"line":579,"column":0},"end":{"line":579,"column":null}},"type":"cond-expr","locations":[{"start":{"line":579,"column":0},"end":{"line":579,"column":null}},{"start":{"line":579,"column":0},"end":{"line":579,"column":null}}],"line":579},"23":{"loc":{"start":{"line":584,"column":0},"end":{"line":584,"column":null}},"type":"binary-expr","locations":[{"start":{"line":584,"column":0},"end":{"line":584,"column":null}},{"start":{"line":584,"column":0},"end":{"line":584,"column":null}}],"line":584},"24":{"loc":{"start":{"line":733,"column":0},"end":{"line":733,"column":null}},"type":"cond-expr","locations":[{"start":{"line":733,"column":0},"end":{"line":733,"column":null}},{"start":{"line":733,"column":0},"end":{"line":733,"column":null}}],"line":733},"25":{"loc":{"start":{"line":734,"column":0},"end":{"line":734,"column":null}},"type":"cond-expr","locations":[{"start":{"line":734,"column":0},"end":{"line":734,"column":null}},{"start":{"line":734,"column":0},"end":{"line":734,"column":null}}],"line":734},"26":{"loc":{"start":{"line":736,"column":0},"end":{"line":738,"column":null}},"type":"cond-expr","locations":[{"start":{"line":737,"column":0},"end":{"line":737,"column":null}},{"start":{"line":738,"column":0},"end":{"line":738,"column":null}}],"line":736},"27":{"loc":{"start":{"line":749,"column":0},"end":{"line":766,"column":null}},"type":"binary-expr","locations":[{"start":{"line":749,"column":0},"end":{"line":749,"column":null}},{"start":{"line":750,"column":0},"end":{"line":766,"column":null}}],"line":749},"28":{"loc":{"start":{"line":770,"column":0},"end":{"line":850,"column":null}},"type":"binary-expr","locations":[{"start":{"line":770,"column":0},"end":{"line":770,"column":null}},{"start":{"line":771,"column":0},"end":{"line":850,"column":null}}],"line":770},"29":{"loc":{"start":{"line":854,"column":0},"end":{"line":1039,"column":null}},"type":"binary-expr","locations":[{"start":{"line":854,"column":0},"end":{"line":854,"column":null}},{"start":{"line":855,"column":0},"end":{"line":1039,"column":null}}],"line":854}},"s":{"0":1,"1":1,"2":1,"3":1,"4":1,"5":1,"6":1,"7":0,"8":0,"9":1,"10":0,"11":0,"12":0,"13":0,"14":0,"15":0,"16":0,"17":0,"18":0,"19":0,"20":0,"21":0,"22":0,"23":0,"24":0,"25":0,"26":0,"27":0,"28":0,"29":0,"30":0,"31":0,"32":0,"33":0,"34":0,"35":0,"36":0,"37":0,"38":0,"39":0,"40":0,"41":0,"42":0,"43":0,"44":0,"45":0,"46":0,"47":0,"48":0,"49":0,"50":0,"51":0,"52":0},"f":{"0":0,"1":0,"2":0,"3":0,"4":0,"5":0,"6":0,"7":0,"8":0,"9":0,"10":0,"11":0,"12":0,"13":0,"14":0,"15":0,"16":0,"17":0,"18":0,"19":0,"20":0,"21":0,"22":0},"b":{"0":[0],"1":[0,0],"2":[0,0],"3":[0,0],"4":[0,0],"5":[0,0],"6":[0,0],"7":[0,0],"8":[0,0],"9":[0,0],"10":[0,0],"11":[0,0],"12":[0,0],"13":[0,0],"14":[0,0],"15":[0,0],"16":[0,0],"17":[0,0],"18":[0,0],"19":[0,0],"20":[0,0],"21":[0,0],"22":[0,0],"23":[0,0],"24":[0,0],"25":[0,0],"26":[0,0],"27":[0,0],"28":[0,0],"29":[0,0]},"meta":{"lastBranch":30,"lastFunction":23,"lastStatement":53,"seen":{"s:5:0:41:Infinity":0,"s:43:0:68:Infinity":1,"s:70:0:89:Infinity":2,"s:91:0:104:Infinity":3,"s:106:0:115:Infinity":4,"s:132:0:132:Infinity":5,"s:134:0:149:Infinity":6,"f:134:0:134:Infinity":0,"s:135:0:149:Infinity":7,"b:134:0:134:Infinity":0,"f:136:0:136:Infinity":1,"s:137:0:147:Infinity":8,"b:142:0:142:Infinity:142:0:142:Infinity":1,"s:152:0:199:Infinity":9,"f:152:0:152:Infinity":2,"s:153:0:199:Infinity":10,"f:202:0:202:Infinity":3,"s:203:0:203:Infinity":11,"s:204:0:204:Infinity":12,"s:205:0:205:Infinity":13,"s:206:0:206:Infinity":14,"s:207:0:209:Infinity":15,"s:211:0:212:Infinity":16,"b:211:0:211:Infinity:212:0:212:Infinity":2,"s:215:0:215:Infinity":17,"b:215:0:215:Infinity:215:0:215:Infinity":3,"s:217:0:224:Infinity":18,"f:217:0:217:Infinity":4,"s:218:0:218:Infinity":19,"s:219:0:223:Infinity":20,"f:220:0:220:Infinity":5,"s:220:0:220:Infinity":21,"b:220:0:220:Infinity:220:0:220:Infinity":4,"f:221:0:221:Infinity":6,"s:221:0:221:Infinity":22,"f:222:0:222:Infinity":7,"s:222:0:222:Infinity":23,"f:223:0:223:Infinity":8,"s:223:0:223:Infinity":24,"b:226:0:246:Infinity:undefined:undefined:undefined:undefined":5,"s:226:0:246:Infinity":25,"s:227:0:246:Infinity":26,"b:249:0:282:Infinity:undefined:undefined:undefined:undefined":6,"s:249:0:282:Infinity":27,"s:250:0:282:Infinity":28,"s:286:0:287:Infinity":29,"b:286:0:286:Infinity:287:0:287:Infinity":7,"b:286:0:286:Infinity:286:0:286:Infinity":8,"s:288:0:288:Infinity":30,"s:289:0:289:Infinity":31,"b:289:0:289:Infinity:289:0:289:Infinity":9,"s:290:0:290:Infinity":32,"b:290:0:290:Infinity:290:0:290:Infinity":10,"s:291:0:291:Infinity":33,"b:291:0:291:Infinity:291:0:291:Infinity":11,"s:292:0:292:Infinity":34,"b:292:0:292:Infinity:292:0:292:Infinity":12,"s:294:0:296:Infinity":35,"b:295:0:295:Infinity:296:0:296:Infinity":13,"b:295:0:295:Infinity:295:0:295:Infinity":14,"s:298:0:1043:Infinity":36,"b:353:0:353:Infinity:354:0:365:Infinity":15,"f:416:0:416:Infinity":9,"s:417:0:445:Infinity":37,"f:419:0:419:Infinity":10,"s:419:0:419:Infinity":38,"b:427:0:427:Infinity:428:0:428:Infinity":16,"b:430:0:430:Infinity:430:0:430:Infinity":17,"b:463:0:463:Infinity:463:0:463:Infinity":18,"b:509:0:509:Infinity:510:0:519:Infinity":19,"f:533:0:533:Infinity":11,"s:534:0:547:Infinity":39,"b:549:0:549:Infinity:550:0:562:Infinity":20,"b:579:0:579:Infinity:580:0:580:Infinity":21,"b:579:0:579:Infinity:579:0:579:Infinity":22,"b:584:0:584:Infinity:584:0:584:Infinity":23,"f:587:0:587:Infinity":12,"s:588:0:620:Infinity":40,"f:653:0:653:Infinity":13,"s:654:0:676:Infinity":41,"f:696:0:696:Infinity":14,"s:696:0:696:Infinity":42,"f:697:0:697:Infinity":15,"s:698:0:698:Infinity":43,"f:722:0:722:Infinity":16,"s:723:0:744:Infinity":44,"f:725:0:725:Infinity":17,"s:725:0:725:Infinity":45,"b:733:0:733:Infinity:733:0:733:Infinity":24,"b:734:0:734:Infinity:734:0:734:Infinity":25,"b:737:0:737:Infinity:738:0:738:Infinity":26,"b:749:0:749:Infinity:750:0:766:Infinity":27,"f:751:0:751:Infinity":18,"s:752:0:764:Infinity":46,"b:770:0:770:Infinity:771:0:850:Infinity":28,"f:790:0:790:Infinity":19,"s:791:0:791:Infinity":47,"b:854:0:854:Infinity:855:0:1039:Infinity":29,"f:893:0:893:Infinity":20,"s:894:0:896:Infinity":48,"f:895:0:895:Infinity":21,"s:895:0:895:Infinity":49,"s:897:0:897:Infinity":50,"s:898:0:945:Infinity":51,"f:954:0:954:Infinity":22,"s:955:0:1036:Infinity":52}}}
,"D:\\Projekt-BIAWC-main\\app\\src\\pages\\Regulamin.tsx": {"path":"D:\\Projekt-BIAWC-main\\app\\src\\pages\\Regulamin.tsx","statementMap":{"0":{"start":{"line":4,"column":0},"end":{"line":147,"column":null}}},"fnMap":{"0":{"name":"Regulamin","decl":{"start":{"line":3,"column":0},"end":{"line":3,"column":null}},"loc":{"start":{"line":3,"column":0},"end":{"line":149,"column":null}},"line":3}},"branchMap":{},"s":{"0":0},"f":{"0":0},"b":{},"meta":{"lastBranch":0,"lastFunction":1,"lastStatement":1,"seen":{"f:3:0:3:Infinity":0,"s:4:0:147:Infinity":0}}}
,"D:\\Projekt-BIAWC-main\\app\\src\\pages\\Zwroty.tsx": {"path":"D:\\Projekt-BIAWC-main\\app\\src\\pages\\Zwroty.tsx","statementMap":{"0":{"start":{"line":4,"column":0},"end":{"line":91,"column":null}}},"fnMap":{"0":{"name":"Zwroty","decl":{"start":{"line":3,"column":0},"end":{"line":3,"column":null}},"loc":{"start":{"line":3,"column":0},"end":{"line":93,"column":null}},"line":3}},"branchMap":{},"s":{"0":0},"f":{"0":0},"b":{},"meta":{"lastBranch":0,"lastFunction":1,"lastStatement":1,"seen":{"f:3:0:3:Infinity":0,"s:4:0:91:Infinity":0}}}
}
